info: Server started at http://localhost:3000/api/v1/ {"timestamp":"2023-11-05T21:53:22.513Z"}
info: Connected to the database. {"timestamp":"2023-11-05T21:53:30.451Z"}
info: Server started at http://localhost:3000/api/v1/ {"timestamp":"2023-11-06T21:48:56.456Z"}
error: Could not connect to the database. BC290000:error:0A000438:SSL routines:ssl3_read_bytes:tlsv1 alert internal error:c:\ws\deps\openssl\openssl\ssl\record\rec_layer_s3.c:1586:SSL alert number 80
 {"reason":{"commonWireVersion":17,"compatibilityError":null,"compatible":true,"heartbeatFrequencyMS":10000,"localThresholdMS":15,"logicalSessionTimeoutMinutes":30,"maxElectionId":null,"maxSetVersion":null,"servers":{},"setName":"atlas-mcp2hh-shard-0","stale":false,"type":"ReplicaSetNoPrimary"},"stack":"MongooseServerSelectionError: BC290000:error:0A000438:SSL routines:ssl3_read_bytes:tlsv1 alert internal error:c:\\ws\\deps\\openssl\\openssl\\ssl\\record\\rec_layer_s3.c:1586:SSL alert number 80\n\n    at Connection.openUri (C:\\Users\\Administrator\\Documents\\my works\\software development works\\supervibesrecordsfolder\\svr-backend\\node_modules\\mongoose\\lib\\connection.js:847:32)\n    at C:\\Users\\Administrator\\Documents\\my works\\software development works\\supervibesrecordsfolder\\svr-backend\\node_modules\\mongoose\\lib\\index.js:351:10\n    at C:\\Users\\Administrator\\Documents\\my works\\software development works\\supervibesrecordsfolder\\svr-backend\\node_modules\\mongoose\\lib\\helpers\\promiseOrCallback.js:32:5\n    at new Promise (<anonymous>)\n    at promiseOrCallback (C:\\Users\\Administrator\\Documents\\my works\\software development works\\supervibesrecordsfolder\\svr-backend\\node_modules\\mongoose\\lib\\helpers\\promiseOrCallback.js:31:10)\n    at Mongoose._promiseOrCallback (C:\\Users\\Administrator\\Documents\\my works\\software development works\\supervibesrecordsfolder\\svr-backend\\node_modules\\mongoose\\lib\\index.js:1149:10)\n    at Mongoose.connect (C:\\Users\\Administrator\\Documents\\my works\\software development works\\supervibesrecordsfolder\\svr-backend\\node_modules\\mongoose\\lib\\index.js:350:20)\n    at _callee$ (C:\\Users\\Administrator\\Documents\\my works\\software development works\\supervibesrecordsfolder\\svr-backend\\build\\config\\database.js:22:39)\n    at tryCatch (C:\\Users\\Administrator\\Documents\\my works\\software development works\\supervibesrecordsfolder\\svr-backend\\node_modules\\@babel\\runtime\\helpers\\regeneratorRuntime.js:45:16)\n    at Generator.<anonymous> (C:\\Users\\Administrator\\Documents\\my works\\software development works\\supervibesrecordsfolder\\svr-backend\\node_modules\\@babel\\runtime\\helpers\\regeneratorRuntime.js:133:17)\n    at Generator.next (C:\\Users\\Administrator\\Documents\\my works\\software development works\\supervibesrecordsfolder\\svr-backend\\node_modules\\@babel\\runtime\\helpers\\regeneratorRuntime.js:74:21)\n    at asyncGeneratorStep (C:\\Users\\Administrator\\Documents\\my works\\software development works\\supervibesrecordsfolder\\svr-backend\\node_modules\\@babel\\runtime\\helpers\\asyncToGenerator.js:3:24)\n    at _next (C:\\Users\\Administrator\\Documents\\my works\\software development works\\supervibesrecordsfolder\\svr-backend\\node_modules\\@babel\\runtime\\helpers\\asyncToGenerator.js:22:9)\n    at C:\\Users\\Administrator\\Documents\\my works\\software development works\\supervibesrecordsfolder\\svr-backend\\node_modules\\@babel\\runtime\\helpers\\asyncToGenerator.js:27:7\n    at new Promise (<anonymous>)\n    at C:\\Users\\Administrator\\Documents\\my works\\software development works\\supervibesrecordsfolder\\svr-backend\\node_modules\\@babel\\runtime\\helpers\\asyncToGenerator.js:19:12","timestamp":"2023-11-06T21:49:27.481Z"}
info: Server started at http://localhost:3000/api/v1/ {"timestamp":"2023-11-06T21:51:53.554Z"}
info: Server started at http://localhost:3000/api/v1/ {"timestamp":"2023-11-06T21:52:26.439Z"}
error: Could not connect to the database. 14290000:error:0A000438:SSL routines:ssl3_read_bytes:tlsv1 alert internal error:c:\ws\deps\openssl\openssl\ssl\record\rec_layer_s3.c:1586:SSL alert number 80
 {"reason":{"commonWireVersion":17,"compatibilityError":null,"compatible":true,"heartbeatFrequencyMS":10000,"localThresholdMS":15,"logicalSessionTimeoutMinutes":30,"maxElectionId":null,"maxSetVersion":null,"servers":{},"setName":"atlas-mcp2hh-shard-0","stale":false,"type":"ReplicaSetNoPrimary"},"stack":"MongooseServerSelectionError: 14290000:error:0A000438:SSL routines:ssl3_read_bytes:tlsv1 alert internal error:c:\\ws\\deps\\openssl\\openssl\\ssl\\record\\rec_layer_s3.c:1586:SSL alert number 80\n\n    at NativeConnection.Connection.openUri (C:\\Users\\Administrator\\Documents\\my works\\software development works\\supervibesrecordsfolder\\svr-backend\\node_modules\\mongoose\\lib\\connection.js:847:32)\n    at C:\\Users\\Administrator\\Documents\\my works\\software development works\\supervibesrecordsfolder\\svr-backend\\node_modules\\mongoose\\lib\\index.js:351:10\n    at C:\\Users\\Administrator\\Documents\\my works\\software development works\\supervibesrecordsfolder\\svr-backend\\node_modules\\mongoose\\lib\\helpers\\promiseOrCallback.js:32:5\n    at new Promise (<anonymous>)\n    at promiseOrCallback (C:\\Users\\Administrator\\Documents\\my works\\software development works\\supervibesrecordsfolder\\svr-backend\\node_modules\\mongoose\\lib\\helpers\\promiseOrCallback.js:31:10)\n    at Mongoose._promiseOrCallback (C:\\Users\\Administrator\\Documents\\my works\\software development works\\supervibesrecordsfolder\\svr-backend\\node_modules\\mongoose\\lib\\index.js:1149:10)\n    at Mongoose.connect (C:\\Users\\Administrator\\Documents\\my works\\software development works\\supervibesrecordsfolder\\svr-backend\\node_modules\\mongoose\\lib\\index.js:350:20)\n    at _callee$ (C:\\Users\\Administrator\\Documents\\my works\\software development works\\supervibesrecordsfolder\\svr-backend\\src\\config\\/database.js:12:20)\n    at tryCatch (C:\\Users\\Administrator\\Documents\\my works\\software development works\\supervibesrecordsfolder\\svr-backend\\node_modules\\@babel\\runtime\\helpers\\regeneratorRuntime.js:45:16)\n    at Generator.<anonymous> (C:\\Users\\Administrator\\Documents\\my works\\software development works\\supervibesrecordsfolder\\svr-backend\\node_modules\\@babel\\runtime\\helpers\\regeneratorRuntime.js:133:17)\n    at Generator.next (C:\\Users\\Administrator\\Documents\\my works\\software development works\\supervibesrecordsfolder\\svr-backend\\node_modules\\@babel\\runtime\\helpers\\regeneratorRuntime.js:74:21)\n    at asyncGeneratorStep (C:\\Users\\Administrator\\Documents\\my works\\software development works\\supervibesrecordsfolder\\svr-backend\\node_modules\\@babel\\runtime\\helpers\\asyncToGenerator.js:3:24)\n    at _next (C:\\Users\\Administrator\\Documents\\my works\\software development works\\supervibesrecordsfolder\\svr-backend\\node_modules\\@babel\\runtime\\helpers\\asyncToGenerator.js:22:9)\n    at C:\\Users\\Administrator\\Documents\\my works\\software development works\\supervibesrecordsfolder\\svr-backend\\node_modules\\@babel\\runtime\\helpers\\asyncToGenerator.js:27:7\n    at new Promise (<anonymous>)\n    at apply (C:\\Users\\Administrator\\Documents\\my works\\software development works\\supervibesrecordsfolder\\svr-backend\\node_modules\\@babel\\runtime\\helpers\\asyncToGenerator.js:19:12)\n    at database (C:\\Users\\Administrator\\Documents\\my works\\software development works\\supervibesrecordsfolder\\svr-backend\\src\\config\\/database.js:4:15)\n    at Object.<anonymous> (C:\\Users\\Administrator\\Documents\\my works\\software development works\\supervibesrecordsfolder\\svr-backend\\src\\/index.js:31:9)\n    at Module._compile (node:internal/modules/cjs/loader:1256:14)\n    at Module._compile (C:\\Users\\Administrator\\Documents\\my works\\software development works\\supervibesrecordsfolder\\svr-backend\\node_modules\\pirates\\lib\\index.js:117:24)\n    at Module._extensions..js (node:internal/modules/cjs/loader:1310:10)\n    at Object.newLoader [as .js] (C:\\Users\\Administrator\\Documents\\my works\\software development works\\supervibesrecordsfolder\\svr-backend\\node_modules\\pirates\\lib\\index.js:121:7)\n    at Module.load (node:internal/modules/cjs/loader:1119:32)\n    at Function.Module._load (node:internal/modules/cjs/loader:960:12)\n    at Function.runMain (node:internal/modules/run_main:81:12)\n    at Object.<anonymous> (C:\\Users\\Administrator\\Documents\\my works\\software development works\\supervibesrecordsfolder\\svr-backend\\node_modules\\@babel\\node\\src\\_babel-node.ts:222:12)\n    at Module._compile (node:internal/modules/cjs/loader:1256:14)\n    at Object.Module._extensions..js (node:internal/modules/cjs/loader:1310:10)\n    at Module.load (node:internal/modules/cjs/loader:1119:32)\n    at Function.Module._load (node:internal/modules/cjs/loader:960:12)\n    at Function.executeUserEntryPoint [as runMain] (node:internal/modules/run_main:81:12)\n    at node:internal/main/run_main_module:23:47","timestamp":"2023-11-06T21:52:56.672Z"}
info: Server started at http://localhost:3000/api/v1/ {"timestamp":"2023-11-06T21:56:02.104Z"}
info: Server started at http://localhost:3000/api/v1/ {"timestamp":"2023-11-06T21:56:15.710Z"}
error: 
    status - 500 
    message - ValidationError: "name" is required 
    url - /api/v1/audio 
    method - POST 
    IP - ::1
   {"timestamp":"2023-11-06T21:56:16.596Z"}
error: Could not connect to the database. E4130000:error:0A000438:SSL routines:ssl3_read_bytes:tlsv1 alert internal error:c:\ws\deps\openssl\openssl\ssl\record\rec_layer_s3.c:1586:SSL alert number 80
 {"name":"MongoNetworkError","stack":"Error: E4130000:error:0A000438:SSL routines:ssl3_read_bytes:tlsv1 alert internal error:c:\\ws\\deps\\openssl\\openssl\\ssl\\record\\rec_layer_s3.c:1586:SSL alert number 80\n","timestamp":"2023-11-06T21:56:19.998Z"}
info: Server started at http://localhost:3000/api/v1/ {"timestamp":"2023-11-06T21:57:07.700Z"}
info: Server started at http://localhost:3000/api/v1/ {"timestamp":"2023-11-06T21:57:15.808Z"}
error: Could not connect to the database. 18240000:error:0A000438:SSL routines:ssl3_read_bytes:tlsv1 alert internal error:c:\ws\deps\openssl\openssl\ssl\record\rec_layer_s3.c:1586:SSL alert number 80
 {"name":"MongoNetworkError","stack":"Error: 18240000:error:0A000438:SSL routines:ssl3_read_bytes:tlsv1 alert internal error:c:\\ws\\deps\\openssl\\openssl\\ssl\\record\\rec_layer_s3.c:1586:SSL alert number 80\n","timestamp":"2023-11-06T21:57:21.019Z"}
error: 
    status - 500 
    message - ValidationError: "artiste" is required 
    url - /api/v1/audio 
    method - POST 
    IP - ::1
   {"timestamp":"2023-11-06T21:57:28.811Z"}
info: Server started at http://localhost:3000/api/v1/ {"timestamp":"2023-11-06T21:58:16.784Z"}
error: 
    status - 500 
    message - ValidationError: "artiste" is required 
    url - /api/v1/audio 
    method - POST 
    IP - ::1
   {"timestamp":"2023-11-06T21:58:24.114Z"}
error: Could not connect to the database. C02A0000:error:0A000438:SSL routines:ssl3_read_bytes:tlsv1 alert internal error:c:\ws\deps\openssl\openssl\ssl\record\rec_layer_s3.c:1586:SSL alert number 80
 {"reason":{"commonWireVersion":17,"compatibilityError":null,"compatible":true,"heartbeatFrequencyMS":10000,"localThresholdMS":15,"logicalSessionTimeoutMinutes":30,"maxElectionId":null,"maxSetVersion":null,"servers":{},"setName":"atlas-mcp2hh-shard-0","stale":false,"type":"ReplicaSetNoPrimary"},"stack":"MongooseServerSelectionError: C02A0000:error:0A000438:SSL routines:ssl3_read_bytes:tlsv1 alert internal error:c:\\ws\\deps\\openssl\\openssl\\ssl\\record\\rec_layer_s3.c:1586:SSL alert number 80\n\n    at NativeConnection.Connection.openUri (C:\\Users\\Administrator\\Documents\\my works\\software development works\\supervibesrecordsfolder\\svr-backend\\node_modules\\mongoose\\lib\\connection.js:847:32)\n    at C:\\Users\\Administrator\\Documents\\my works\\software development works\\supervibesrecordsfolder\\svr-backend\\node_modules\\mongoose\\lib\\index.js:351:10\n    at C:\\Users\\Administrator\\Documents\\my works\\software development works\\supervibesrecordsfolder\\svr-backend\\node_modules\\mongoose\\lib\\helpers\\promiseOrCallback.js:32:5\n    at new Promise (<anonymous>)\n    at promiseOrCallback (C:\\Users\\Administrator\\Documents\\my works\\software development works\\supervibesrecordsfolder\\svr-backend\\node_modules\\mongoose\\lib\\helpers\\promiseOrCallback.js:31:10)\n    at Mongoose._promiseOrCallback (C:\\Users\\Administrator\\Documents\\my works\\software development works\\supervibesrecordsfolder\\svr-backend\\node_modules\\mongoose\\lib\\index.js:1149:10)\n    at Mongoose.connect (C:\\Users\\Administrator\\Documents\\my works\\software development works\\supervibesrecordsfolder\\svr-backend\\node_modules\\mongoose\\lib\\index.js:350:20)\n    at _callee$ (C:\\Users\\Administrator\\Documents\\my works\\software development works\\supervibesrecordsfolder\\svr-backend\\src\\config\\/database.js:12:20)\n    at tryCatch (C:\\Users\\Administrator\\Documents\\my works\\software development works\\supervibesrecordsfolder\\svr-backend\\node_modules\\@babel\\runtime\\helpers\\regeneratorRuntime.js:45:16)\n    at Generator.<anonymous> (C:\\Users\\Administrator\\Documents\\my works\\software development works\\supervibesrecordsfolder\\svr-backend\\node_modules\\@babel\\runtime\\helpers\\regeneratorRuntime.js:133:17)\n    at Generator.next (C:\\Users\\Administrator\\Documents\\my works\\software development works\\supervibesrecordsfolder\\svr-backend\\node_modules\\@babel\\runtime\\helpers\\regeneratorRuntime.js:74:21)\n    at asyncGeneratorStep (C:\\Users\\Administrator\\Documents\\my works\\software development works\\supervibesrecordsfolder\\svr-backend\\node_modules\\@babel\\runtime\\helpers\\asyncToGenerator.js:3:24)\n    at _next (C:\\Users\\Administrator\\Documents\\my works\\software development works\\supervibesrecordsfolder\\svr-backend\\node_modules\\@babel\\runtime\\helpers\\asyncToGenerator.js:22:9)\n    at C:\\Users\\Administrator\\Documents\\my works\\software development works\\supervibesrecordsfolder\\svr-backend\\node_modules\\@babel\\runtime\\helpers\\asyncToGenerator.js:27:7\n    at new Promise (<anonymous>)\n    at apply (C:\\Users\\Administrator\\Documents\\my works\\software development works\\supervibesrecordsfolder\\svr-backend\\node_modules\\@babel\\runtime\\helpers\\asyncToGenerator.js:19:12)\n    at database (C:\\Users\\Administrator\\Documents\\my works\\software development works\\supervibesrecordsfolder\\svr-backend\\src\\config\\/database.js:4:15)\n    at Object.<anonymous> (C:\\Users\\Administrator\\Documents\\my works\\software development works\\supervibesrecordsfolder\\svr-backend\\src\\/index.js:31:9)\n    at Module._compile (node:internal/modules/cjs/loader:1256:14)\n    at Module._compile (C:\\Users\\Administrator\\Documents\\my works\\software development works\\supervibesrecordsfolder\\svr-backend\\node_modules\\pirates\\lib\\index.js:117:24)\n    at Module._extensions..js (node:internal/modules/cjs/loader:1310:10)\n    at Object.newLoader [as .js] (C:\\Users\\Administrator\\Documents\\my works\\software development works\\supervibesrecordsfolder\\svr-backend\\node_modules\\pirates\\lib\\index.js:121:7)\n    at Module.load (node:internal/modules/cjs/loader:1119:32)\n    at Function.Module._load (node:internal/modules/cjs/loader:960:12)\n    at Function.runMain (node:internal/modules/run_main:81:12)\n    at Object.<anonymous> (C:\\Users\\Administrator\\Documents\\my works\\software development works\\supervibesrecordsfolder\\svr-backend\\node_modules\\@babel\\node\\src\\_babel-node.ts:222:12)\n    at Module._compile (node:internal/modules/cjs/loader:1256:14)\n    at Object.Module._extensions..js (node:internal/modules/cjs/loader:1310:10)\n    at Module.load (node:internal/modules/cjs/loader:1119:32)\n    at Function.Module._load (node:internal/modules/cjs/loader:960:12)\n    at Function.executeUserEntryPoint [as runMain] (node:internal/modules/run_main:81:12)\n    at node:internal/main/run_main_module:23:47","timestamp":"2023-11-06T21:58:48.149Z"}
error: 
    status - 500 
    message - ValidationError: "artiste" is required 
    url - /api/v1/audio 
    method - POST 
    IP - ::1
   {"timestamp":"2023-11-06T21:58:48.841Z"}
info: Server started at http://localhost:3000/api/v1/ {"timestamp":"2023-11-06T21:59:07.636Z"}
error: Could not connect to the database. F02B0000:error:0A000438:SSL routines:ssl3_read_bytes:tlsv1 alert internal error:c:\ws\deps\openssl\openssl\ssl\record\rec_layer_s3.c:1586:SSL alert number 80
 {"name":"MongoNetworkError","stack":"Error: F02B0000:error:0A000438:SSL routines:ssl3_read_bytes:tlsv1 alert internal error:c:\\ws\\deps\\openssl\\openssl\\ssl\\record\\rec_layer_s3.c:1586:SSL alert number 80\n","timestamp":"2023-11-06T21:59:10.373Z"}
error: 
    status - 500 
    message - undefined 
    url - /api/v1/audio 
    method - POST 
    IP - ::1
   {"timestamp":"2023-11-06T21:59:20.502Z"}
info: Server started at http://localhost:3000/api/v1/ {"timestamp":"2023-11-06T22:01:06.523Z"}
info: Connected to the database. {"timestamp":"2023-11-06T22:01:14.498Z"}
error: 
    status - 500 
    message - undefined 
    url - /api/v1/audio 
    method - POST 
    IP - ::1
   {"timestamp":"2023-11-06T22:01:16.501Z"}
info: Server started at http://localhost:3000/api/v1/ {"timestamp":"2023-11-06T22:02:04.632Z"}
error: 
    status - 500 
    message - TypeError: UserService.newUser is not a function
    at _callee3$ (C:\Users\Administrator\Documents\my works\software development works\supervibesrecordsfolder\svr-backend\src\controllers\/audio.controller.js:54:38)
    at tryCatch (C:\Users\Administrator\Documents\my works\software development works\supervibesrecordsfolder\svr-backend\node_modules\@babel\runtime\helpers\regeneratorRuntime.js:45:16)
    at Generator.<anonymous> (C:\Users\Administrator\Documents\my works\software development works\supervibesrecordsfolder\svr-backend\node_modules\@babel\runtime\helpers\regeneratorRuntime.js:133:17)
    at Generator.next (C:\Users\Administrator\Documents\my works\software development works\supervibesrecordsfolder\svr-backend\node_modules\@babel\runtime\helpers\regeneratorRuntime.js:74:21)
    at asyncGeneratorStep (C:\Users\Administrator\Documents\my works\software development works\supervibesrecordsfolder\svr-backend\node_modules\@babel\runtime\helpers\asyncToGenerator.js:3:24)
    at _next (C:\Users\Administrator\Documents\my works\software development works\supervibesrecordsfolder\svr-backend\node_modules\@babel\runtime\helpers\asyncToGenerator.js:22:9)
    at C:\Users\Administrator\Documents\my works\software development works\supervibesrecordsfolder\svr-backend\node_modules\@babel\runtime\helpers\asyncToGenerator.js:27:7
    at new Promise (<anonymous>)
    at apply (C:\Users\Administrator\Documents\my works\software development works\supervibesrecordsfolder\svr-backend\node_modules\@babel\runtime\helpers\asyncToGenerator.js:19:12)
    at newAudio (C:\Users\Administrator\Documents\my works\software development works\supervibesrecordsfolder\svr-backend\src\controllers\/audio.controller.js:48:22)
    at Layer.handle [as handle_request] (C:\Users\Administrator\Documents\my works\software development works\supervibesrecordsfolder\svr-backend\node_modules\express\lib\router\layer.js:95:5)
    at next (C:\Users\Administrator\Documents\my works\software development works\supervibesrecordsfolder\svr-backend\node_modules\express\lib\router\route.js:144:13)
    at done (C:\Users\Administrator\Documents\my works\software development works\supervibesrecordsfolder\svr-backend\node_modules\multer\lib\make-middleware.js:45:7)
    at indicateDone (C:\Users\Administrator\Documents\my works\software development works\supervibesrecordsfolder\svr-backend\node_modules\multer\lib\make-middleware.js:49:68)
    at C:\Users\Administrator\Documents\my works\software development works\supervibesrecordsfolder\svr-backend\node_modules\multer\lib\make-middleware.js:155:11
    at CloudinaryStorage.<anonymous> (C:\Users\Administrator\Documents\my works\software development works\supervibesrecordsfolder\svr-backend\node_modules\multer-storage-cloudinary\lib\index.js:107:25)
    at step (C:\Users\Administrator\Documents\my works\software development works\supervibesrecordsfolder\svr-backend\node_modules\multer-storage-cloudinary\lib\index.js:33:23)
    at Object.next (C:\Users\Administrator\Documents\my works\software development works\supervibesrecordsfolder\svr-backend\node_modules\multer-storage-cloudinary\lib\index.js:14:53)
    at fulfilled (C:\Users\Administrator\Documents\my works\software development works\supervibesrecordsfolder\svr-backend\node_modules\multer-storage-cloudinary\lib\index.js:5:58)
    at processTicksAndRejections (node:internal/process/task_queues:95:5) 
    url - /api/v1/audio 
    method - POST 
    IP - ::1
   {"timestamp":"2023-11-06T22:02:15.706Z"}
error: Could not connect to the database. 30230000:error:0A000438:SSL routines:ssl3_read_bytes:tlsv1 alert internal error:c:\ws\deps\openssl\openssl\ssl\record\rec_layer_s3.c:1586:SSL alert number 80
 {"reason":{"commonWireVersion":17,"compatibilityError":null,"compatible":true,"heartbeatFrequencyMS":10000,"localThresholdMS":15,"logicalSessionTimeoutMinutes":30,"maxElectionId":null,"maxSetVersion":null,"servers":{},"setName":"atlas-mcp2hh-shard-0","stale":false,"type":"ReplicaSetNoPrimary"},"stack":"MongooseServerSelectionError: 30230000:error:0A000438:SSL routines:ssl3_read_bytes:tlsv1 alert internal error:c:\\ws\\deps\\openssl\\openssl\\ssl\\record\\rec_layer_s3.c:1586:SSL alert number 80\n\n    at NativeConnection.Connection.openUri (C:\\Users\\Administrator\\Documents\\my works\\software development works\\supervibesrecordsfolder\\svr-backend\\node_modules\\mongoose\\lib\\connection.js:847:32)\n    at C:\\Users\\Administrator\\Documents\\my works\\software development works\\supervibesrecordsfolder\\svr-backend\\node_modules\\mongoose\\lib\\index.js:351:10\n    at C:\\Users\\Administrator\\Documents\\my works\\software development works\\supervibesrecordsfolder\\svr-backend\\node_modules\\mongoose\\lib\\helpers\\promiseOrCallback.js:32:5\n    at new Promise (<anonymous>)\n    at promiseOrCallback (C:\\Users\\Administrator\\Documents\\my works\\software development works\\supervibesrecordsfolder\\svr-backend\\node_modules\\mongoose\\lib\\helpers\\promiseOrCallback.js:31:10)\n    at Mongoose._promiseOrCallback (C:\\Users\\Administrator\\Documents\\my works\\software development works\\supervibesrecordsfolder\\svr-backend\\node_modules\\mongoose\\lib\\index.js:1149:10)\n    at Mongoose.connect (C:\\Users\\Administrator\\Documents\\my works\\software development works\\supervibesrecordsfolder\\svr-backend\\node_modules\\mongoose\\lib\\index.js:350:20)\n    at _callee$ (C:\\Users\\Administrator\\Documents\\my works\\software development works\\supervibesrecordsfolder\\svr-backend\\src\\config\\/database.js:12:20)\n    at tryCatch (C:\\Users\\Administrator\\Documents\\my works\\software development works\\supervibesrecordsfolder\\svr-backend\\node_modules\\@babel\\runtime\\helpers\\regeneratorRuntime.js:45:16)\n    at Generator.<anonymous> (C:\\Users\\Administrator\\Documents\\my works\\software development works\\supervibesrecordsfolder\\svr-backend\\node_modules\\@babel\\runtime\\helpers\\regeneratorRuntime.js:133:17)\n    at Generator.next (C:\\Users\\Administrator\\Documents\\my works\\software development works\\supervibesrecordsfolder\\svr-backend\\node_modules\\@babel\\runtime\\helpers\\regeneratorRuntime.js:74:21)\n    at asyncGeneratorStep (C:\\Users\\Administrator\\Documents\\my works\\software development works\\supervibesrecordsfolder\\svr-backend\\node_modules\\@babel\\runtime\\helpers\\asyncToGenerator.js:3:24)\n    at _next (C:\\Users\\Administrator\\Documents\\my works\\software development works\\supervibesrecordsfolder\\svr-backend\\node_modules\\@babel\\runtime\\helpers\\asyncToGenerator.js:22:9)\n    at C:\\Users\\Administrator\\Documents\\my works\\software development works\\supervibesrecordsfolder\\svr-backend\\node_modules\\@babel\\runtime\\helpers\\asyncToGenerator.js:27:7\n    at new Promise (<anonymous>)\n    at apply (C:\\Users\\Administrator\\Documents\\my works\\software development works\\supervibesrecordsfolder\\svr-backend\\node_modules\\@babel\\runtime\\helpers\\asyncToGenerator.js:19:12)\n    at database (C:\\Users\\Administrator\\Documents\\my works\\software development works\\supervibesrecordsfolder\\svr-backend\\src\\config\\/database.js:4:15)\n    at Object.<anonymous> (C:\\Users\\Administrator\\Documents\\my works\\software development works\\supervibesrecordsfolder\\svr-backend\\src\\/index.js:31:9)\n    at Module._compile (node:internal/modules/cjs/loader:1256:14)\n    at Module._compile (C:\\Users\\Administrator\\Documents\\my works\\software development works\\supervibesrecordsfolder\\svr-backend\\node_modules\\pirates\\lib\\index.js:117:24)\n    at Module._extensions..js (node:internal/modules/cjs/loader:1310:10)\n    at Object.newLoader [as .js] (C:\\Users\\Administrator\\Documents\\my works\\software development works\\supervibesrecordsfolder\\svr-backend\\node_modules\\pirates\\lib\\index.js:121:7)\n    at Module.load (node:internal/modules/cjs/loader:1119:32)\n    at Function.Module._load (node:internal/modules/cjs/loader:960:12)\n    at Function.runMain (node:internal/modules/run_main:81:12)\n    at Object.<anonymous> (C:\\Users\\Administrator\\Documents\\my works\\software development works\\supervibesrecordsfolder\\svr-backend\\node_modules\\@babel\\node\\src\\_babel-node.ts:222:12)\n    at Module._compile (node:internal/modules/cjs/loader:1256:14)\n    at Object.Module._extensions..js (node:internal/modules/cjs/loader:1310:10)\n    at Module.load (node:internal/modules/cjs/loader:1119:32)\n    at Function.Module._load (node:internal/modules/cjs/loader:960:12)\n    at Function.executeUserEntryPoint [as runMain] (node:internal/modules/run_main:81:12)\n    at node:internal/main/run_main_module:23:47","timestamp":"2023-11-06T22:02:35.342Z"}
error: 
    status - 500 
    message - TypeError: UserService.newUser is not a function
    at _callee3$ (C:\Users\Administrator\Documents\my works\software development works\supervibesrecordsfolder\svr-backend\src\controllers\/audio.controller.js:54:38)
    at tryCatch (C:\Users\Administrator\Documents\my works\software development works\supervibesrecordsfolder\svr-backend\node_modules\@babel\runtime\helpers\regeneratorRuntime.js:45:16)
    at Generator.<anonymous> (C:\Users\Administrator\Documents\my works\software development works\supervibesrecordsfolder\svr-backend\node_modules\@babel\runtime\helpers\regeneratorRuntime.js:133:17)
    at Generator.next (C:\Users\Administrator\Documents\my works\software development works\supervibesrecordsfolder\svr-backend\node_modules\@babel\runtime\helpers\regeneratorRuntime.js:74:21)
    at asyncGeneratorStep (C:\Users\Administrator\Documents\my works\software development works\supervibesrecordsfolder\svr-backend\node_modules\@babel\runtime\helpers\asyncToGenerator.js:3:24)
    at _next (C:\Users\Administrator\Documents\my works\software development works\supervibesrecordsfolder\svr-backend\node_modules\@babel\runtime\helpers\asyncToGenerator.js:22:9)
    at C:\Users\Administrator\Documents\my works\software development works\supervibesrecordsfolder\svr-backend\node_modules\@babel\runtime\helpers\asyncToGenerator.js:27:7
    at new Promise (<anonymous>)
    at apply (C:\Users\Administrator\Documents\my works\software development works\supervibesrecordsfolder\svr-backend\node_modules\@babel\runtime\helpers\asyncToGenerator.js:19:12)
    at newAudio (C:\Users\Administrator\Documents\my works\software development works\supervibesrecordsfolder\svr-backend\src\controllers\/audio.controller.js:48:22)
    at Layer.handle [as handle_request] (C:\Users\Administrator\Documents\my works\software development works\supervibesrecordsfolder\svr-backend\node_modules\express\lib\router\layer.js:95:5)
    at next (C:\Users\Administrator\Documents\my works\software development works\supervibesrecordsfolder\svr-backend\node_modules\express\lib\router\route.js:144:13)
    at done (C:\Users\Administrator\Documents\my works\software development works\supervibesrecordsfolder\svr-backend\node_modules\multer\lib\make-middleware.js:45:7)
    at indicateDone (C:\Users\Administrator\Documents\my works\software development works\supervibesrecordsfolder\svr-backend\node_modules\multer\lib\make-middleware.js:49:68)
    at C:\Users\Administrator\Documents\my works\software development works\supervibesrecordsfolder\svr-backend\node_modules\multer\lib\make-middleware.js:155:11
    at CloudinaryStorage.<anonymous> (C:\Users\Administrator\Documents\my works\software development works\supervibesrecordsfolder\svr-backend\node_modules\multer-storage-cloudinary\lib\index.js:107:25)
    at step (C:\Users\Administrator\Documents\my works\software development works\supervibesrecordsfolder\svr-backend\node_modules\multer-storage-cloudinary\lib\index.js:33:23)
    at Object.next (C:\Users\Administrator\Documents\my works\software development works\supervibesrecordsfolder\svr-backend\node_modules\multer-storage-cloudinary\lib\index.js:14:53)
    at fulfilled (C:\Users\Administrator\Documents\my works\software development works\supervibesrecordsfolder\svr-backend\node_modules\multer-storage-cloudinary\lib\index.js:5:58)
    at processTicksAndRejections (node:internal/process/task_queues:95:5) 
    url - /api/v1/audio 
    method - POST 
    IP - ::1
   {"timestamp":"2023-11-06T22:03:35.962Z"}
info: Server started at http://localhost:3000/api/v1/ {"timestamp":"2023-11-06T22:03:51.767Z"}
info: Connected to the database. {"timestamp":"2023-11-06T22:04:15.957Z"}
info: Server started at http://localhost:3000/api/v1/ {"timestamp":"2023-11-06T22:09:13.883Z"}
error: Could not connect to the database. C80F0000:error:0A000438:SSL routines:ssl3_read_bytes:tlsv1 alert internal error:c:\ws\deps\openssl\openssl\ssl\record\rec_layer_s3.c:1586:SSL alert number 80
 {"name":"MongoNetworkError","stack":"Error: C80F0000:error:0A000438:SSL routines:ssl3_read_bytes:tlsv1 alert internal error:c:\\ws\\deps\\openssl\\openssl\\ssl\\record\\rec_layer_s3.c:1586:SSL alert number 80\n","timestamp":"2023-11-06T22:09:16.084Z"}
error: 
    status - 500 
    message - MongooseError: Operation `audios.insertOne()` buffering timed out after 10000ms
    at Timeout.<anonymous> (C:\Users\Administrator\Documents\my works\software development works\supervibesrecordsfolder\svr-backend\node_modules\mongoose\lib\drivers\node-mongodb-native\collection.js:198:23)
    at listOnTimeout (node:internal/timers:569:17)
    at processTimers (node:internal/timers:512:7) 
    url - /api/v1/audio 
    method - POST 
    IP - ::1
   {"timestamp":"2023-11-06T22:10:02.051Z"}
info: Server started at http://localhost:3000/api/v1/ {"timestamp":"2023-11-06T22:10:33.831Z"}
error: Could not connect to the database. D41F0000:error:0A000438:SSL routines:ssl3_read_bytes:tlsv1 alert internal error:c:\ws\deps\openssl\openssl\ssl\record\rec_layer_s3.c:1586:SSL alert number 80
 {"name":"MongoNetworkError","stack":"Error: D41F0000:error:0A000438:SSL routines:ssl3_read_bytes:tlsv1 alert internal error:c:\\ws\\deps\\openssl\\openssl\\ssl\\record\\rec_layer_s3.c:1586:SSL alert number 80\n","timestamp":"2023-11-06T22:10:47.367Z"}
info: Server started at http://localhost:3000/api/v1/ {"timestamp":"2023-11-06T22:13:20.699Z"}
error: Could not connect to the database. 3C030000:error:0A000438:SSL routines:ssl3_read_bytes:tlsv1 alert internal error:c:\ws\deps\openssl\openssl\ssl\record\rec_layer_s3.c:1586:SSL alert number 80
 {"reason":{"commonWireVersion":17,"compatibilityError":null,"compatible":true,"heartbeatFrequencyMS":10000,"localThresholdMS":15,"logicalSessionTimeoutMinutes":30,"maxElectionId":null,"maxSetVersion":null,"servers":{},"setName":"atlas-mcp2hh-shard-0","stale":false,"type":"ReplicaSetNoPrimary"},"stack":"MongooseServerSelectionError: 3C030000:error:0A000438:SSL routines:ssl3_read_bytes:tlsv1 alert internal error:c:\\ws\\deps\\openssl\\openssl\\ssl\\record\\rec_layer_s3.c:1586:SSL alert number 80\n\n    at NativeConnection.Connection.openUri (C:\\Users\\Administrator\\Documents\\my works\\software development works\\supervibesrecordsfolder\\svr-backend\\node_modules\\mongoose\\lib\\connection.js:847:32)\n    at C:\\Users\\Administrator\\Documents\\my works\\software development works\\supervibesrecordsfolder\\svr-backend\\node_modules\\mongoose\\lib\\index.js:351:10\n    at C:\\Users\\Administrator\\Documents\\my works\\software development works\\supervibesrecordsfolder\\svr-backend\\node_modules\\mongoose\\lib\\helpers\\promiseOrCallback.js:32:5\n    at new Promise (<anonymous>)\n    at promiseOrCallback (C:\\Users\\Administrator\\Documents\\my works\\software development works\\supervibesrecordsfolder\\svr-backend\\node_modules\\mongoose\\lib\\helpers\\promiseOrCallback.js:31:10)\n    at Mongoose._promiseOrCallback (C:\\Users\\Administrator\\Documents\\my works\\software development works\\supervibesrecordsfolder\\svr-backend\\node_modules\\mongoose\\lib\\index.js:1149:10)\n    at Mongoose.connect (C:\\Users\\Administrator\\Documents\\my works\\software development works\\supervibesrecordsfolder\\svr-backend\\node_modules\\mongoose\\lib\\index.js:350:20)\n    at _callee$ (C:\\Users\\Administrator\\Documents\\my works\\software development works\\supervibesrecordsfolder\\svr-backend\\src\\config\\/database.js:12:20)\n    at tryCatch (C:\\Users\\Administrator\\Documents\\my works\\software development works\\supervibesrecordsfolder\\svr-backend\\node_modules\\@babel\\runtime\\helpers\\regeneratorRuntime.js:45:16)\n    at Generator.<anonymous> (C:\\Users\\Administrator\\Documents\\my works\\software development works\\supervibesrecordsfolder\\svr-backend\\node_modules\\@babel\\runtime\\helpers\\regeneratorRuntime.js:133:17)\n    at Generator.next (C:\\Users\\Administrator\\Documents\\my works\\software development works\\supervibesrecordsfolder\\svr-backend\\node_modules\\@babel\\runtime\\helpers\\regeneratorRuntime.js:74:21)\n    at asyncGeneratorStep (C:\\Users\\Administrator\\Documents\\my works\\software development works\\supervibesrecordsfolder\\svr-backend\\node_modules\\@babel\\runtime\\helpers\\asyncToGenerator.js:3:24)\n    at _next (C:\\Users\\Administrator\\Documents\\my works\\software development works\\supervibesrecordsfolder\\svr-backend\\node_modules\\@babel\\runtime\\helpers\\asyncToGenerator.js:22:9)\n    at C:\\Users\\Administrator\\Documents\\my works\\software development works\\supervibesrecordsfolder\\svr-backend\\node_modules\\@babel\\runtime\\helpers\\asyncToGenerator.js:27:7\n    at new Promise (<anonymous>)\n    at apply (C:\\Users\\Administrator\\Documents\\my works\\software development works\\supervibesrecordsfolder\\svr-backend\\node_modules\\@babel\\runtime\\helpers\\asyncToGenerator.js:19:12)\n    at database (C:\\Users\\Administrator\\Documents\\my works\\software development works\\supervibesrecordsfolder\\svr-backend\\src\\config\\/database.js:4:15)\n    at Object.<anonymous> (C:\\Users\\Administrator\\Documents\\my works\\software development works\\supervibesrecordsfolder\\svr-backend\\src\\/index.js:31:9)\n    at Module._compile (node:internal/modules/cjs/loader:1256:14)\n    at Module._compile (C:\\Users\\Administrator\\Documents\\my works\\software development works\\supervibesrecordsfolder\\svr-backend\\node_modules\\pirates\\lib\\index.js:117:24)\n    at Module._extensions..js (node:internal/modules/cjs/loader:1310:10)\n    at Object.newLoader [as .js] (C:\\Users\\Administrator\\Documents\\my works\\software development works\\supervibesrecordsfolder\\svr-backend\\node_modules\\pirates\\lib\\index.js:121:7)\n    at Module.load (node:internal/modules/cjs/loader:1119:32)\n    at Function.Module._load (node:internal/modules/cjs/loader:960:12)\n    at Function.runMain (node:internal/modules/run_main:81:12)\n    at Object.<anonymous> (C:\\Users\\Administrator\\Documents\\my works\\software development works\\supervibesrecordsfolder\\svr-backend\\node_modules\\@babel\\node\\src\\_babel-node.ts:222:12)\n    at Module._compile (node:internal/modules/cjs/loader:1256:14)\n    at Object.Module._extensions..js (node:internal/modules/cjs/loader:1310:10)\n    at Module.load (node:internal/modules/cjs/loader:1119:32)\n    at Function.Module._load (node:internal/modules/cjs/loader:960:12)\n    at Function.executeUserEntryPoint [as runMain] (node:internal/modules/run_main:81:12)\n    at node:internal/main/run_main_module:23:47","timestamp":"2023-11-06T22:13:51.371Z"}
info: Server started at http://localhost:3000/api/v1/ {"timestamp":"2023-11-06T22:15:07.712Z"}
error: Could not connect to the database. 84370000:error:0A000438:SSL routines:ssl3_read_bytes:tlsv1 alert internal error:c:\ws\deps\openssl\openssl\ssl\record\rec_layer_s3.c:1586:SSL alert number 80
 {"name":"MongoNetworkError","stack":"Error: 84370000:error:0A000438:SSL routines:ssl3_read_bytes:tlsv1 alert internal error:c:\\ws\\deps\\openssl\\openssl\\ssl\\record\\rec_layer_s3.c:1586:SSL alert number 80\n","timestamp":"2023-11-06T22:15:28.423Z"}
info: Server started at http://localhost:3000/api/v1/ {"timestamp":"2023-11-06T22:16:09.385Z"}
error: Could not connect to the database. F41D0000:error:0A000438:SSL routines:ssl3_read_bytes:tlsv1 alert internal error:c:\ws\deps\openssl\openssl\ssl\record\rec_layer_s3.c:1586:SSL alert number 80
 {"name":"MongoNetworkError","stack":"Error: F41D0000:error:0A000438:SSL routines:ssl3_read_bytes:tlsv1 alert internal error:c:\\ws\\deps\\openssl\\openssl\\ssl\\record\\rec_layer_s3.c:1586:SSL alert number 80\n","timestamp":"2023-11-06T22:16:12.809Z"}
info: Server started at 3000 {"timestamp":"2023-11-07T18:52:31.801Z"}
error: Could not connect to the database. bad auth : authentication failed {"code":8000,"codeName":"AtlasError","name":"MongoError","ok":0,"stack":"MongoError: bad auth : authentication failed\n    at MessageStream.messageHandler (C:\\Users\\Administrator\\Documents\\my works\\software development works\\supervibesrecordsfolder\\svr-backend\\node_modules\\mongoose\\node_modules\\mongodb\\lib\\cmap\\connection.js:299:20)\n    at MessageStream.emit (node:events:514:28)\n    at processIncomingData (C:\\Users\\Administrator\\Documents\\my works\\software development works\\supervibesrecordsfolder\\svr-backend\\node_modules\\mongoose\\node_modules\\mongodb\\lib\\cmap\\message_stream.js:144:12)\n    at MessageStream._write (C:\\Users\\Administrator\\Documents\\my works\\software development works\\supervibesrecordsfolder\\svr-backend\\node_modules\\mongoose\\node_modules\\mongodb\\lib\\cmap\\message_stream.js:42:5)\n    at writeOrBuffer (node:internal/streams/writable:392:12)\n    at _write (node:internal/streams/writable:333:10)\n    at Writable.write (node:internal/streams/writable:337:10)\n    at TLSSocket.ondata (node:internal/streams/readable:766:22)\n    at TLSSocket.emit (node:events:514:28)\n    at addChunk (node:internal/streams/readable:324:12)\n    at readableAddChunk (node:internal/streams/readable:297:9)\n    at Readable.push (node:internal/streams/readable:234:10)\n    at TLSWrap.onStreamRead (node:internal/stream_base_commons:190:23)","timestamp":"2023-11-07T18:52:37.581Z"}
info: Server started at 3000 {"timestamp":"2023-11-07T18:53:00.379Z"}
error: Could not connect to the database. bad auth : authentication failed {"code":8000,"codeName":"AtlasError","name":"MongoError","ok":0,"stack":"MongoError: bad auth : authentication failed\n    at MessageStream.messageHandler (C:\\Users\\Administrator\\Documents\\my works\\software development works\\supervibesrecordsfolder\\svr-backend\\node_modules\\mongoose\\node_modules\\mongodb\\lib\\cmap\\connection.js:299:20)\n    at MessageStream.emit (node:events:514:28)\n    at processIncomingData (C:\\Users\\Administrator\\Documents\\my works\\software development works\\supervibesrecordsfolder\\svr-backend\\node_modules\\mongoose\\node_modules\\mongodb\\lib\\cmap\\message_stream.js:144:12)\n    at MessageStream._write (C:\\Users\\Administrator\\Documents\\my works\\software development works\\supervibesrecordsfolder\\svr-backend\\node_modules\\mongoose\\node_modules\\mongodb\\lib\\cmap\\message_stream.js:42:5)\n    at writeOrBuffer (node:internal/streams/writable:392:12)\n    at _write (node:internal/streams/writable:333:10)\n    at Writable.write (node:internal/streams/writable:337:10)\n    at TLSSocket.ondata (node:internal/streams/readable:766:22)\n    at TLSSocket.emit (node:events:514:28)\n    at addChunk (node:internal/streams/readable:324:12)\n    at readableAddChunk (node:internal/streams/readable:297:9)\n    at Readable.push (node:internal/streams/readable:234:10)\n    at TLSWrap.onStreamRead (node:internal/stream_base_commons:190:23)","timestamp":"2023-11-07T18:53:02.947Z"}
info: Server started at 3000 {"timestamp":"2023-11-07T18:56:00.082Z"}
error: Could not connect to the database. bad auth : authentication failed {"code":8000,"codeName":"AtlasError","name":"MongoError","ok":0,"stack":"MongoError: bad auth : authentication failed\n    at MessageStream.messageHandler (C:\\Users\\Administrator\\Documents\\my works\\software development works\\supervibesrecordsfolder\\svr-backend\\node_modules\\mongoose\\node_modules\\mongodb\\lib\\cmap\\connection.js:299:20)\n    at MessageStream.emit (node:events:514:28)\n    at processIncomingData (C:\\Users\\Administrator\\Documents\\my works\\software development works\\supervibesrecordsfolder\\svr-backend\\node_modules\\mongoose\\node_modules\\mongodb\\lib\\cmap\\message_stream.js:144:12)\n    at MessageStream._write (C:\\Users\\Administrator\\Documents\\my works\\software development works\\supervibesrecordsfolder\\svr-backend\\node_modules\\mongoose\\node_modules\\mongodb\\lib\\cmap\\message_stream.js:42:5)\n    at writeOrBuffer (node:internal/streams/writable:392:12)\n    at _write (node:internal/streams/writable:333:10)\n    at Writable.write (node:internal/streams/writable:337:10)\n    at TLSSocket.ondata (node:internal/streams/readable:766:22)\n    at TLSSocket.emit (node:events:514:28)\n    at addChunk (node:internal/streams/readable:324:12)\n    at readableAddChunk (node:internal/streams/readable:297:9)\n    at Readable.push (node:internal/streams/readable:234:10)\n    at TLSWrap.onStreamRead (node:internal/stream_base_commons:190:23)","timestamp":"2023-11-07T18:56:02.685Z"}
info: Server started at 3000 {"timestamp":"2023-11-07T18:56:34.427Z"}
info: Connected to the database. {"timestamp":"2023-11-07T18:56:36.806Z"}
error: 
    status - 500 
    message - TypeError: Cannot read properties of undefined (reading '0')
    at _callee3$ (C:\Users\Administrator\Documents\my works\software development works\supervibesrecordsfolder\svr-backend\build\controllers\audio.controller.js:108:44)
    at tryCatch (C:\Users\Administrator\Documents\my works\software development works\supervibesrecordsfolder\svr-backend\node_modules\@babel\runtime\helpers\regeneratorRuntime.js:45:16)
    at Generator.<anonymous> (C:\Users\Administrator\Documents\my works\software development works\supervibesrecordsfolder\svr-backend\node_modules\@babel\runtime\helpers\regeneratorRuntime.js:133:17)
    at Generator.next (C:\Users\Administrator\Documents\my works\software development works\supervibesrecordsfolder\svr-backend\node_modules\@babel\runtime\helpers\regeneratorRuntime.js:74:21)
    at asyncGeneratorStep (C:\Users\Administrator\Documents\my works\software development works\supervibesrecordsfolder\svr-backend\node_modules\@babel\runtime\helpers\asyncToGenerator.js:3:24)
    at _next (C:\Users\Administrator\Documents\my works\software development works\supervibesrecordsfolder\svr-backend\node_modules\@babel\runtime\helpers\asyncToGenerator.js:22:9)
    at C:\Users\Administrator\Documents\my works\software development works\supervibesrecordsfolder\svr-backend\node_modules\@babel\runtime\helpers\asyncToGenerator.js:27:7
    at new Promise (<anonymous>)
    at C:\Users\Administrator\Documents\my works\software development works\supervibesrecordsfolder\svr-backend\node_modules\@babel\runtime\helpers\asyncToGenerator.js:19:12
    at newAudio (C:\Users\Administrator\Documents\my works\software development works\supervibesrecordsfolder\svr-backend\build\controllers\audio.controller.js:132:18)
    at Layer.handle [as handle_request] (C:\Users\Administrator\Documents\my works\software development works\supervibesrecordsfolder\svr-backend\node_modules\express\lib\router\layer.js:95:5)
    at next (C:\Users\Administrator\Documents\my works\software development works\supervibesrecordsfolder\svr-backend\node_modules\express\lib\router\route.js:144:13)
    at done (C:\Users\Administrator\Documents\my works\software development works\supervibesrecordsfolder\svr-backend\node_modules\multer\lib\make-middleware.js:45:7)
    at indicateDone (C:\Users\Administrator\Documents\my works\software development works\supervibesrecordsfolder\svr-backend\node_modules\multer\lib\make-middleware.js:49:68)
    at Multipart.<anonymous> (C:\Users\Administrator\Documents\my works\software development works\supervibesrecordsfolder\svr-backend\node_modules\multer\lib\make-middleware.js:166:7)
    at Multipart.emit (node:events:514:28) 
    url - /api/v1/audio 
    method - POST 
    IP - ::1
   {"timestamp":"2023-11-07T18:59:21.010Z"}
info: Server started at 3000 {"timestamp":"2023-11-07T19:00:28.661Z"}
info: Connected to the database. {"timestamp":"2023-11-07T19:00:31.248Z"}
error: 
    status - 500 
    message - TypeError: Cannot read properties of undefined (reading '0')
    at _callee3$ (C:\Users\Administrator\Documents\my works\software development works\supervibesrecordsfolder\svr-backend\src\controllers\/audio.controller.js:52:42)
    at tryCatch (C:\Users\Administrator\Documents\my works\software development works\supervibesrecordsfolder\svr-backend\node_modules\@babel\runtime\helpers\regeneratorRuntime.js:45:16)
    at Generator.<anonymous> (C:\Users\Administrator\Documents\my works\software development works\supervibesrecordsfolder\svr-backend\node_modules\@babel\runtime\helpers\regeneratorRuntime.js:133:17)
    at Generator.next (C:\Users\Administrator\Documents\my works\software development works\supervibesrecordsfolder\svr-backend\node_modules\@babel\runtime\helpers\regeneratorRuntime.js:74:21)
    at asyncGeneratorStep (C:\Users\Administrator\Documents\my works\software development works\supervibesrecordsfolder\svr-backend\node_modules\@babel\runtime\helpers\asyncToGenerator.js:3:24)
    at _next (C:\Users\Administrator\Documents\my works\software development works\supervibesrecordsfolder\svr-backend\node_modules\@babel\runtime\helpers\asyncToGenerator.js:22:9)
    at C:\Users\Administrator\Documents\my works\software development works\supervibesrecordsfolder\svr-backend\node_modules\@babel\runtime\helpers\asyncToGenerator.js:27:7
    at new Promise (<anonymous>)
    at apply (C:\Users\Administrator\Documents\my works\software development works\supervibesrecordsfolder\svr-backend\node_modules\@babel\runtime\helpers\asyncToGenerator.js:19:12)
    at newAudio (C:\Users\Administrator\Documents\my works\software development works\supervibesrecordsfolder\svr-backend\src\controllers\/audio.controller.js:48:22)
    at Layer.handle [as handle_request] (C:\Users\Administrator\Documents\my works\software development works\supervibesrecordsfolder\svr-backend\node_modules\express\lib\router\layer.js:95:5)
    at next (C:\Users\Administrator\Documents\my works\software development works\supervibesrecordsfolder\svr-backend\node_modules\express\lib\router\route.js:144:13)
    at done (C:\Users\Administrator\Documents\my works\software development works\supervibesrecordsfolder\svr-backend\node_modules\multer\lib\make-middleware.js:45:7)
    at indicateDone (C:\Users\Administrator\Documents\my works\software development works\supervibesrecordsfolder\svr-backend\node_modules\multer\lib\make-middleware.js:49:68)
    at Multipart.<anonymous> (C:\Users\Administrator\Documents\my works\software development works\supervibesrecordsfolder\svr-backend\node_modules\multer\lib\make-middleware.js:166:7)
    at Multipart.emit (node:events:514:28)
    at Multipart.emit (node:domain:489:12)
    at emitCloseNT (node:internal/streams/destroy:132:10)
    at processTicksAndRejections (node:internal/process/task_queues:81:21) 
    url - /api/v1/audio 
    method - POST 
    IP - ::1
   {"timestamp":"2023-11-07T19:00:38.685Z"}
info: Server started at 3000 {"timestamp":"2023-11-07T19:01:33.553Z"}
info: Connected to the database. {"timestamp":"2023-11-07T19:01:36.127Z"}
info: Server started at 3000 {"timestamp":"2023-11-07T19:01:55.356Z"}
info: Connected to the database. {"timestamp":"2023-11-07T19:01:57.740Z"}
info: Server started at 3000 {"timestamp":"2023-11-07T19:02:18.653Z"}
info: Connected to the database. {"timestamp":"2023-11-07T19:02:21.012Z"}
error: 
    status - 500 
    message - TypeError: Cannot read properties of undefined (reading '0')
    at _callee3$ (C:\Users\Administrator\Documents\my works\software development works\supervibesrecordsfolder\svr-backend\src\controllers\/audio.controller.js:52:42)
    at tryCatch (C:\Users\Administrator\Documents\my works\software development works\supervibesrecordsfolder\svr-backend\node_modules\@babel\runtime\helpers\regeneratorRuntime.js:45:16)
    at Generator.<anonymous> (C:\Users\Administrator\Documents\my works\software development works\supervibesrecordsfolder\svr-backend\node_modules\@babel\runtime\helpers\regeneratorRuntime.js:133:17)
    at Generator.next (C:\Users\Administrator\Documents\my works\software development works\supervibesrecordsfolder\svr-backend\node_modules\@babel\runtime\helpers\regeneratorRuntime.js:74:21)
    at asyncGeneratorStep (C:\Users\Administrator\Documents\my works\software development works\supervibesrecordsfolder\svr-backend\node_modules\@babel\runtime\helpers\asyncToGenerator.js:3:24)
    at _next (C:\Users\Administrator\Documents\my works\software development works\supervibesrecordsfolder\svr-backend\node_modules\@babel\runtime\helpers\asyncToGenerator.js:22:9)
    at C:\Users\Administrator\Documents\my works\software development works\supervibesrecordsfolder\svr-backend\node_modules\@babel\runtime\helpers\asyncToGenerator.js:27:7
    at new Promise (<anonymous>)
    at apply (C:\Users\Administrator\Documents\my works\software development works\supervibesrecordsfolder\svr-backend\node_modules\@babel\runtime\helpers\asyncToGenerator.js:19:12)
    at newAudio (C:\Users\Administrator\Documents\my works\software development works\supervibesrecordsfolder\svr-backend\src\controllers\/audio.controller.js:48:22)
    at Layer.handle [as handle_request] (C:\Users\Administrator\Documents\my works\software development works\supervibesrecordsfolder\svr-backend\node_modules\express\lib\router\layer.js:95:5)
    at next (C:\Users\Administrator\Documents\my works\software development works\supervibesrecordsfolder\svr-backend\node_modules\express\lib\router\route.js:144:13)
    at done (C:\Users\Administrator\Documents\my works\software development works\supervibesrecordsfolder\svr-backend\node_modules\multer\lib\make-middleware.js:45:7)
    at indicateDone (C:\Users\Administrator\Documents\my works\software development works\supervibesrecordsfolder\svr-backend\node_modules\multer\lib\make-middleware.js:49:68)
    at Multipart.<anonymous> (C:\Users\Administrator\Documents\my works\software development works\supervibesrecordsfolder\svr-backend\node_modules\multer\lib\make-middleware.js:166:7)
    at Multipart.emit (node:events:514:28)
    at Multipart.emit (node:domain:489:12)
    at emitCloseNT (node:internal/streams/destroy:132:10)
    at processTicksAndRejections (node:internal/process/task_queues:81:21) 
    url - /api/v1/audio 
    method - POST 
    IP - ::1
   {"timestamp":"2023-11-07T19:02:29.690Z"}
info: Server started at 3000 {"timestamp":"2023-11-07T19:02:56.555Z"}
info: Connected to the database. {"timestamp":"2023-11-07T19:02:59.139Z"}
error: 
    status - 500 
    message - TypeError: Cannot read properties of undefined (reading '0')
    at _callee3$ (C:\Users\Administrator\Documents\my works\software development works\supervibesrecordsfolder\svr-backend\src\controllers\/audio.controller.js:53:42)
    at tryCatch (C:\Users\Administrator\Documents\my works\software development works\supervibesrecordsfolder\svr-backend\node_modules\@babel\runtime\helpers\regeneratorRuntime.js:45:16)
    at Generator.<anonymous> (C:\Users\Administrator\Documents\my works\software development works\supervibesrecordsfolder\svr-backend\node_modules\@babel\runtime\helpers\regeneratorRuntime.js:133:17)
    at Generator.next (C:\Users\Administrator\Documents\my works\software development works\supervibesrecordsfolder\svr-backend\node_modules\@babel\runtime\helpers\regeneratorRuntime.js:74:21)
    at asyncGeneratorStep (C:\Users\Administrator\Documents\my works\software development works\supervibesrecordsfolder\svr-backend\node_modules\@babel\runtime\helpers\asyncToGenerator.js:3:24)
    at _next (C:\Users\Administrator\Documents\my works\software development works\supervibesrecordsfolder\svr-backend\node_modules\@babel\runtime\helpers\asyncToGenerator.js:22:9)
    at C:\Users\Administrator\Documents\my works\software development works\supervibesrecordsfolder\svr-backend\node_modules\@babel\runtime\helpers\asyncToGenerator.js:27:7
    at new Promise (<anonymous>)
    at apply (C:\Users\Administrator\Documents\my works\software development works\supervibesrecordsfolder\svr-backend\node_modules\@babel\runtime\helpers\asyncToGenerator.js:19:12)
    at newAudio (C:\Users\Administrator\Documents\my works\software development works\supervibesrecordsfolder\svr-backend\src\controllers\/audio.controller.js:48:22)
    at Layer.handle [as handle_request] (C:\Users\Administrator\Documents\my works\software development works\supervibesrecordsfolder\svr-backend\node_modules\express\lib\router\layer.js:95:5)
    at next (C:\Users\Administrator\Documents\my works\software development works\supervibesrecordsfolder\svr-backend\node_modules\express\lib\router\route.js:144:13)
    at done (C:\Users\Administrator\Documents\my works\software development works\supervibesrecordsfolder\svr-backend\node_modules\multer\lib\make-middleware.js:45:7)
    at indicateDone (C:\Users\Administrator\Documents\my works\software development works\supervibesrecordsfolder\svr-backend\node_modules\multer\lib\make-middleware.js:49:68)
    at Multipart.<anonymous> (C:\Users\Administrator\Documents\my works\software development works\supervibesrecordsfolder\svr-backend\node_modules\multer\lib\make-middleware.js:166:7)
    at Multipart.emit (node:events:514:28)
    at Multipart.emit (node:domain:489:12)
    at emitCloseNT (node:internal/streams/destroy:132:10)
    at processTicksAndRejections (node:internal/process/task_queues:81:21) 
    url - /api/v1/audio 
    method - POST 
    IP - ::1
   {"timestamp":"2023-11-07T19:03:11.562Z"}
info: Server started at 3000 {"timestamp":"2023-11-07T19:03:30.964Z"}
info: Connected to the database. {"timestamp":"2023-11-07T19:03:33.294Z"}
error: 
    status - 500 
    message - TypeError: Cannot read properties of undefined (reading '0')
    at _callee3$ (C:\Users\Administrator\Documents\my works\software development works\supervibesrecordsfolder\svr-backend\src\controllers\/audio.controller.js:53:42)
    at tryCatch (C:\Users\Administrator\Documents\my works\software development works\supervibesrecordsfolder\svr-backend\node_modules\@babel\runtime\helpers\regeneratorRuntime.js:45:16)
    at Generator.<anonymous> (C:\Users\Administrator\Documents\my works\software development works\supervibesrecordsfolder\svr-backend\node_modules\@babel\runtime\helpers\regeneratorRuntime.js:133:17)
    at Generator.next (C:\Users\Administrator\Documents\my works\software development works\supervibesrecordsfolder\svr-backend\node_modules\@babel\runtime\helpers\regeneratorRuntime.js:74:21)
    at asyncGeneratorStep (C:\Users\Administrator\Documents\my works\software development works\supervibesrecordsfolder\svr-backend\node_modules\@babel\runtime\helpers\asyncToGenerator.js:3:24)
    at _next (C:\Users\Administrator\Documents\my works\software development works\supervibesrecordsfolder\svr-backend\node_modules\@babel\runtime\helpers\asyncToGenerator.js:22:9)
    at C:\Users\Administrator\Documents\my works\software development works\supervibesrecordsfolder\svr-backend\node_modules\@babel\runtime\helpers\asyncToGenerator.js:27:7
    at new Promise (<anonymous>)
    at apply (C:\Users\Administrator\Documents\my works\software development works\supervibesrecordsfolder\svr-backend\node_modules\@babel\runtime\helpers\asyncToGenerator.js:19:12)
    at newAudio (C:\Users\Administrator\Documents\my works\software development works\supervibesrecordsfolder\svr-backend\src\controllers\/audio.controller.js:48:22)
    at Layer.handle [as handle_request] (C:\Users\Administrator\Documents\my works\software development works\supervibesrecordsfolder\svr-backend\node_modules\express\lib\router\layer.js:95:5)
    at next (C:\Users\Administrator\Documents\my works\software development works\supervibesrecordsfolder\svr-backend\node_modules\express\lib\router\route.js:144:13)
    at done (C:\Users\Administrator\Documents\my works\software development works\supervibesrecordsfolder\svr-backend\node_modules\multer\lib\make-middleware.js:45:7)
    at indicateDone (C:\Users\Administrator\Documents\my works\software development works\supervibesrecordsfolder\svr-backend\node_modules\multer\lib\make-middleware.js:49:68)
    at Multipart.<anonymous> (C:\Users\Administrator\Documents\my works\software development works\supervibesrecordsfolder\svr-backend\node_modules\multer\lib\make-middleware.js:166:7)
    at Multipart.emit (node:events:514:28)
    at Multipart.emit (node:domain:489:12)
    at emitCloseNT (node:internal/streams/destroy:132:10)
    at processTicksAndRejections (node:internal/process/task_queues:81:21) 
    url - /api/v1/audio 
    method - POST 
    IP - ::1
   {"timestamp":"2023-11-07T19:03:33.419Z"}
error: 
    status - 500 
    message - Error: Cannot set headers after they are sent to the client
    at new NodeError (node:internal/errors:405:5)
    at ServerResponse.setHeader (node:_http_outgoing:648:11)
    at ServerResponse.header (C:\Users\Administrator\Documents\my works\software development works\supervibesrecordsfolder\svr-backend\node_modules\express\lib\response.js:794:10)
    at ServerResponse.send (C:\Users\Administrator\Documents\my works\software development works\supervibesrecordsfolder\svr-backend\node_modules\express\lib\response.js:174:12)
    at ServerResponse.json (C:\Users\Administrator\Documents\my works\software development works\supervibesrecordsfolder\svr-backend\node_modules\express\lib\response.js:278:15)
    at _callee3$ (C:\Users\Administrator\Documents\my works\software development works\supervibesrecordsfolder\svr-backend\src\controllers\/audio.controller.js:60:38)
    at tryCatch (C:\Users\Administrator\Documents\my works\software development works\supervibesrecordsfolder\svr-backend\node_modules\@babel\runtime\helpers\regeneratorRuntime.js:45:16)
    at Generator.<anonymous> (C:\Users\Administrator\Documents\my works\software development works\supervibesrecordsfolder\svr-backend\node_modules\@babel\runtime\helpers\regeneratorRuntime.js:133:17)
    at Generator.next (C:\Users\Administrator\Documents\my works\software development works\supervibesrecordsfolder\svr-backend\node_modules\@babel\runtime\helpers\regeneratorRuntime.js:74:21)
    at asyncGeneratorStep (C:\Users\Administrator\Documents\my works\software development works\supervibesrecordsfolder\svr-backend\node_modules\@babel\runtime\helpers\asyncToGenerator.js:3:24)
    at _next (C:\Users\Administrator\Documents\my works\software development works\supervibesrecordsfolder\svr-backend\node_modules\@babel\runtime\helpers\asyncToGenerator.js:22:9)
    at C:\Users\Administrator\Documents\my works\software development works\supervibesrecordsfolder\svr-backend\node_modules\@babel\runtime\helpers\asyncToGenerator.js:27:7
    at new Promise (<anonymous>)
    at apply (C:\Users\Administrator\Documents\my works\software development works\supervibesrecordsfolder\svr-backend\node_modules\@babel\runtime\helpers\asyncToGenerator.js:19:12)
    at newAudio (C:\Users\Administrator\Documents\my works\software development works\supervibesrecordsfolder\svr-backend\src\controllers\/audio.controller.js:48:22)
    at Layer.handle [as handle_request] (C:\Users\Administrator\Documents\my works\software development works\supervibesrecordsfolder\svr-backend\node_modules\express\lib\router\layer.js:95:5)
    at next (C:\Users\Administrator\Documents\my works\software development works\supervibesrecordsfolder\svr-backend\node_modules\express\lib\router\route.js:144:13)
    at done (C:\Users\Administrator\Documents\my works\software development works\supervibesrecordsfolder\svr-backend\node_modules\multer\lib\make-middleware.js:45:7)
    at indicateDone (C:\Users\Administrator\Documents\my works\software development works\supervibesrecordsfolder\svr-backend\node_modules\multer\lib\make-middleware.js:49:68)
    at C:\Users\Administrator\Documents\my works\software development works\supervibesrecordsfolder\svr-backend\node_modules\multer\lib\make-middleware.js:155:11
    at CloudinaryStorage.<anonymous> (C:\Users\Administrator\Documents\my works\software development works\supervibesrecordsfolder\svr-backend\node_modules\multer-storage-cloudinary\lib\index.js:107:25)
    at step (C:\Users\Administrator\Documents\my works\software development works\supervibesrecordsfolder\svr-backend\node_modules\multer-storage-cloudinary\lib\index.js:33:23)
    at Object.next (C:\Users\Administrator\Documents\my works\software development works\supervibesrecordsfolder\svr-backend\node_modules\multer-storage-cloudinary\lib\index.js:14:53)
    at fulfilled (C:\Users\Administrator\Documents\my works\software development works\supervibesrecordsfolder\svr-backend\node_modules\multer-storage-cloudinary\lib\index.js:5:58)
    at processTicksAndRejections (node:internal/process/task_queues:95:5) 
    url - /api/v1/audio 
    method - POST 
    IP - ::1
   {"timestamp":"2023-11-07T19:04:05.209Z"}
info: Server started at 3000 {"timestamp":"2023-11-07T19:04:45.200Z"}
info: Connected to the database. {"timestamp":"2023-11-07T19:04:48.016Z"}
info: Server started at 3000 {"timestamp":"2023-11-07T19:05:24.556Z"}
info: Connected to the database. {"timestamp":"2023-11-07T19:05:27.969Z"}
info: Server started at 3000 {"timestamp":"2023-11-07T19:05:58.610Z"}
info: Connected to the database. {"timestamp":"2023-11-07T19:06:02.434Z"}
info: Server started at 3000 {"timestamp":"2023-11-07T19:45:54.700Z"}
info: Connected to the database. {"timestamp":"2023-11-07T19:45:59.017Z"}
info: Server started at 3000 {"timestamp":"2023-11-07T19:47:23.387Z"}
info: Connected to the database. {"timestamp":"2023-11-07T19:47:26.651Z"}
error: uncaughtException: Converting circular structure to JSON
    --> starting at object with constructor 'Socket'
    |     property 'parser' -> object with constructor 'HTTPParser'
    --- property 'socket' closes the circle
TypeError: Converting circular structure to JSON
    --> starting at object with constructor 'Socket'
    |     property 'parser' -> object with constructor 'HTTPParser'
    --- property 'socket' closes the circle
    at JSON.stringify (<anonymous>)
    at stringify (C:\Users\Administrator\Documents\my works\software development works\supervibesrecordsfolder\svr-backend\node_modules\express\lib\response.js:1150:12)
    at ServerResponse.json (C:\Users\Administrator\Documents\my works\software development works\supervibesrecordsfolder\svr-backend\node_modules\express\lib\response.js:271:14)
    at _callee3$ (C:\Users\Administrator\Documents\my works\software development works\supervibesrecordsfolder\svr-backend\src\controllers\/audio.controller.js:50:7)
    at tryCatch (C:\Users\Administrator\Documents\my works\software development works\supervibesrecordsfolder\svr-backend\node_modules\@babel\runtime\helpers\regeneratorRuntime.js:45:16)
    at Generator.<anonymous> (C:\Users\Administrator\Documents\my works\software development works\supervibesrecordsfolder\svr-backend\node_modules\@babel\runtime\helpers\regeneratorRuntime.js:133:17)
    at Generator.next (C:\Users\Administrator\Documents\my works\software development works\supervibesrecordsfolder\svr-backend\node_modules\@babel\runtime\helpers\regeneratorRuntime.js:74:21)
    at asyncGeneratorStep (C:\Users\Administrator\Documents\my works\software development works\supervibesrecordsfolder\svr-backend\node_modules\@babel\runtime\helpers\asyncToGenerator.js:3:24)
    at _next (C:\Users\Administrator\Documents\my works\software development works\supervibesrecordsfolder\svr-backend\node_modules\@babel\runtime\helpers\asyncToGenerator.js:22:9)
    at C:\Users\Administrator\Documents\my works\software development works\supervibesrecordsfolder\svr-backend\node_modules\@babel\runtime\helpers\asyncToGenerator.js:27:7
    at new Promise (<anonymous>)
    at apply (C:\Users\Administrator\Documents\my works\software development works\supervibesrecordsfolder\svr-backend\node_modules\@babel\runtime\helpers\asyncToGenerator.js:19:12)
    at newAudio (C:\Users\Administrator\Documents\my works\software development works\supervibesrecordsfolder\svr-backend\src\controllers\/audio.controller.js:48:22)
    at Layer.handle [as handle_request] (C:\Users\Administrator\Documents\my works\software development works\supervibesrecordsfolder\svr-backend\node_modules\express\lib\router\layer.js:95:5)
    at next (C:\Users\Administrator\Documents\my works\software development works\supervibesrecordsfolder\svr-backend\node_modules\express\lib\router\route.js:144:13)
    at done (C:\Users\Administrator\Documents\my works\software development works\supervibesrecordsfolder\svr-backend\node_modules\multer\lib\make-middleware.js:45:7)
    at indicateDone (C:\Users\Administrator\Documents\my works\software development works\supervibesrecordsfolder\svr-backend\node_modules\multer\lib\make-middleware.js:49:68)
    at C:\Users\Administrator\Documents\my works\software development works\supervibesrecordsfolder\svr-backend\node_modules\multer\lib\make-middleware.js:155:11
    at CloudinaryStorage.<anonymous> (C:\Users\Administrator\Documents\my works\software development works\supervibesrecordsfolder\svr-backend\node_modules\multer-storage-cloudinary\lib\index.js:107:25)
    at step (C:\Users\Administrator\Documents\my works\software development works\supervibesrecordsfolder\svr-backend\node_modules\multer-storage-cloudinary\lib\index.js:33:23)
    at Object.next (C:\Users\Administrator\Documents\my works\software development works\supervibesrecordsfolder\svr-backend\node_modules\multer-storage-cloudinary\lib\index.js:14:53)
    at fulfilled (C:\Users\Administrator\Documents\my works\software development works\supervibesrecordsfolder\svr-backend\node_modules\multer-storage-cloudinary\lib\index.js:5:58)
    at processTicksAndRejections (node:internal/process/task_queues:95:5) {"date":"Tue Nov 07 2023 20:47:49 GMT+0100 (West Africa Standard Time)","error":{},"exception":true,"os":{"loadavg":[0,0,0],"uptime":6809.625},"process":{"argv":["node","C:\\Users\\Administrator\\Documents\\my works\\software development works\\supervibesrecordsfolder\\svr-backend\\src\\index.js"],"cwd":"C:\\Users\\Administrator\\Documents\\my works\\software development works\\supervibesrecordsfolder\\svr-backend","execPath":"C:\\Program Files\\nodejs\\node.exe","gid":null,"memoryUsage":{"arrayBuffers":19486647,"external":21048787,"heapTotal":94371840,"heapUsed":65965216,"rss":139198464},"pid":10516,"uid":null,"version":"v18.17.1"},"stack":"TypeError: Converting circular structure to JSON\n    --> starting at object with constructor 'Socket'\n    |     property 'parser' -> object with constructor 'HTTPParser'\n    --- property 'socket' closes the circle\n    at JSON.stringify (<anonymous>)\n    at stringify (C:\\Users\\Administrator\\Documents\\my works\\software development works\\supervibesrecordsfolder\\svr-backend\\node_modules\\express\\lib\\response.js:1150:12)\n    at ServerResponse.json (C:\\Users\\Administrator\\Documents\\my works\\software development works\\supervibesrecordsfolder\\svr-backend\\node_modules\\express\\lib\\response.js:271:14)\n    at _callee3$ (C:\\Users\\Administrator\\Documents\\my works\\software development works\\supervibesrecordsfolder\\svr-backend\\src\\controllers\\/audio.controller.js:50:7)\n    at tryCatch (C:\\Users\\Administrator\\Documents\\my works\\software development works\\supervibesrecordsfolder\\svr-backend\\node_modules\\@babel\\runtime\\helpers\\regeneratorRuntime.js:45:16)\n    at Generator.<anonymous> (C:\\Users\\Administrator\\Documents\\my works\\software development works\\supervibesrecordsfolder\\svr-backend\\node_modules\\@babel\\runtime\\helpers\\regeneratorRuntime.js:133:17)\n    at Generator.next (C:\\Users\\Administrator\\Documents\\my works\\software development works\\supervibesrecordsfolder\\svr-backend\\node_modules\\@babel\\runtime\\helpers\\regeneratorRuntime.js:74:21)\n    at asyncGeneratorStep (C:\\Users\\Administrator\\Documents\\my works\\software development works\\supervibesrecordsfolder\\svr-backend\\node_modules\\@babel\\runtime\\helpers\\asyncToGenerator.js:3:24)\n    at _next (C:\\Users\\Administrator\\Documents\\my works\\software development works\\supervibesrecordsfolder\\svr-backend\\node_modules\\@babel\\runtime\\helpers\\asyncToGenerator.js:22:9)\n    at C:\\Users\\Administrator\\Documents\\my works\\software development works\\supervibesrecordsfolder\\svr-backend\\node_modules\\@babel\\runtime\\helpers\\asyncToGenerator.js:27:7\n    at new Promise (<anonymous>)\n    at apply (C:\\Users\\Administrator\\Documents\\my works\\software development works\\supervibesrecordsfolder\\svr-backend\\node_modules\\@babel\\runtime\\helpers\\asyncToGenerator.js:19:12)\n    at newAudio (C:\\Users\\Administrator\\Documents\\my works\\software development works\\supervibesrecordsfolder\\svr-backend\\src\\controllers\\/audio.controller.js:48:22)\n    at Layer.handle [as handle_request] (C:\\Users\\Administrator\\Documents\\my works\\software development works\\supervibesrecordsfolder\\svr-backend\\node_modules\\express\\lib\\router\\layer.js:95:5)\n    at next (C:\\Users\\Administrator\\Documents\\my works\\software development works\\supervibesrecordsfolder\\svr-backend\\node_modules\\express\\lib\\router\\route.js:144:13)\n    at done (C:\\Users\\Administrator\\Documents\\my works\\software development works\\supervibesrecordsfolder\\svr-backend\\node_modules\\multer\\lib\\make-middleware.js:45:7)\n    at indicateDone (C:\\Users\\Administrator\\Documents\\my works\\software development works\\supervibesrecordsfolder\\svr-backend\\node_modules\\multer\\lib\\make-middleware.js:49:68)\n    at C:\\Users\\Administrator\\Documents\\my works\\software development works\\supervibesrecordsfolder\\svr-backend\\node_modules\\multer\\lib\\make-middleware.js:155:11\n    at CloudinaryStorage.<anonymous> (C:\\Users\\Administrator\\Documents\\my works\\software development works\\supervibesrecordsfolder\\svr-backend\\node_modules\\multer-storage-cloudinary\\lib\\index.js:107:25)\n    at step (C:\\Users\\Administrator\\Documents\\my works\\software development works\\supervibesrecordsfolder\\svr-backend\\node_modules\\multer-storage-cloudinary\\lib\\index.js:33:23)\n    at Object.next (C:\\Users\\Administrator\\Documents\\my works\\software development works\\supervibesrecordsfolder\\svr-backend\\node_modules\\multer-storage-cloudinary\\lib\\index.js:14:53)\n    at fulfilled (C:\\Users\\Administrator\\Documents\\my works\\software development works\\supervibesrecordsfolder\\svr-backend\\node_modules\\multer-storage-cloudinary\\lib\\index.js:5:58)\n    at processTicksAndRejections (node:internal/process/task_queues:95:5)","timestamp":"2023-11-07T19:47:49.878Z","trace":[{"column":null,"file":null,"function":null,"line":null,"method":null,"native":false},{"column":null,"file":null,"function":"JSON.stringify","line":null,"method":"stringify","native":false},{"column":12,"file":"C:\\Users\\Administrator\\Documents\\my works\\software development works\\supervibesrecordsfolder\\svr-backend\\node_modules\\express\\lib\\response.js","function":"stringify","line":1150,"method":null,"native":false},{"column":14,"file":"C:\\Users\\Administrator\\Documents\\my works\\software development works\\supervibesrecordsfolder\\svr-backend\\node_modules\\express\\lib\\response.js","function":"ServerResponse.json","line":271,"method":"json","native":false},{"column":7,"file":"C:\\Users\\Administrator\\Documents\\my works\\software development works\\supervibesrecordsfolder\\svr-backend\\src\\controllers\\/audio.controller.js","function":"_callee3$","line":50,"method":null,"native":false},{"column":16,"file":"C:\\Users\\Administrator\\Documents\\my works\\software development works\\supervibesrecordsfolder\\svr-backend\\node_modules\\@babel\\runtime\\helpers\\regeneratorRuntime.js","function":"tryCatch","line":45,"method":null,"native":false},{"column":17,"file":"C:\\Users\\Administrator\\Documents\\my works\\software development works\\supervibesrecordsfolder\\svr-backend\\node_modules\\@babel\\runtime\\helpers\\regeneratorRuntime.js","function":null,"line":133,"method":null,"native":false},{"column":21,"file":"C:\\Users\\Administrator\\Documents\\my works\\software development works\\supervibesrecordsfolder\\svr-backend\\node_modules\\@babel\\runtime\\helpers\\regeneratorRuntime.js","function":"Generator.next","line":74,"method":"next","native":false},{"column":24,"file":"C:\\Users\\Administrator\\Documents\\my works\\software development works\\supervibesrecordsfolder\\svr-backend\\node_modules\\@babel\\runtime\\helpers\\asyncToGenerator.js","function":"asyncGeneratorStep","line":3,"method":null,"native":false},{"column":9,"file":"C:\\Users\\Administrator\\Documents\\my works\\software development works\\supervibesrecordsfolder\\svr-backend\\node_modules\\@babel\\runtime\\helpers\\asyncToGenerator.js","function":"_next","line":22,"method":null,"native":false},{"column":7,"file":"C:\\Users\\Administrator\\Documents\\my works\\software development works\\supervibesrecordsfolder\\svr-backend\\node_modules\\@babel\\runtime\\helpers\\asyncToGenerator.js","function":null,"line":27,"method":null,"native":false},{"column":null,"file":null,"function":"new Promise","line":null,"method":null,"native":false},{"column":12,"file":"C:\\Users\\Administrator\\Documents\\my works\\software development works\\supervibesrecordsfolder\\svr-backend\\node_modules\\@babel\\runtime\\helpers\\asyncToGenerator.js","function":"apply","line":19,"method":null,"native":false},{"column":22,"file":"C:\\Users\\Administrator\\Documents\\my works\\software development works\\supervibesrecordsfolder\\svr-backend\\src\\controllers\\/audio.controller.js","function":"newAudio","line":48,"method":null,"native":false},{"column":5,"file":"C:\\Users\\Administrator\\Documents\\my works\\software development works\\supervibesrecordsfolder\\svr-backend\\node_modules\\express\\lib\\router\\layer.js","function":"Layer.handle [as handle_request]","line":95,"method":"handle [as handle_request]","native":false},{"column":13,"file":"C:\\Users\\Administrator\\Documents\\my works\\software development works\\supervibesrecordsfolder\\svr-backend\\node_modules\\express\\lib\\router\\route.js","function":"next","line":144,"method":null,"native":false},{"column":7,"file":"C:\\Users\\Administrator\\Documents\\my works\\software development works\\supervibesrecordsfolder\\svr-backend\\node_modules\\multer\\lib\\make-middleware.js","function":"done","line":45,"method":null,"native":false},{"column":68,"file":"C:\\Users\\Administrator\\Documents\\my works\\software development works\\supervibesrecordsfolder\\svr-backend\\node_modules\\multer\\lib\\make-middleware.js","function":"indicateDone","line":49,"method":null,"native":false},{"column":11,"file":"C:\\Users\\Administrator\\Documents\\my works\\software development works\\supervibesrecordsfolder\\svr-backend\\node_modules\\multer\\lib\\make-middleware.js","function":null,"line":155,"method":null,"native":false},{"column":25,"file":"C:\\Users\\Administrator\\Documents\\my works\\software development works\\supervibesrecordsfolder\\svr-backend\\node_modules\\multer-storage-cloudinary\\lib\\index.js","function":null,"line":107,"method":null,"native":false},{"column":23,"file":"C:\\Users\\Administrator\\Documents\\my works\\software development works\\supervibesrecordsfolder\\svr-backend\\node_modules\\multer-storage-cloudinary\\lib\\index.js","function":"step","line":33,"method":null,"native":false},{"column":53,"file":"C:\\Users\\Administrator\\Documents\\my works\\software development works\\supervibesrecordsfolder\\svr-backend\\node_modules\\multer-storage-cloudinary\\lib\\index.js","function":"Object.next","line":14,"method":"next","native":false},{"column":58,"file":"C:\\Users\\Administrator\\Documents\\my works\\software development works\\supervibesrecordsfolder\\svr-backend\\node_modules\\multer-storage-cloudinary\\lib\\index.js","function":"fulfilled","line":5,"method":null,"native":false},{"column":5,"file":"node:internal/process/task_queues","function":"processTicksAndRejections","line":95,"method":null,"native":false}]}
info: Server started at 3000 {"timestamp":"2023-11-07T19:48:21.230Z"}
info: Connected to the database. {"timestamp":"2023-11-07T19:48:24.452Z"}
info: Server started at 3000 {"timestamp":"2023-11-09T16:00:00.681Z"}
info: Connected to the database. {"timestamp":"2023-11-09T16:00:09.915Z"}
info: Server started at 3000 {"timestamp":"2023-11-09T16:05:05.868Z"}
info: Connected to the database. {"timestamp":"2023-11-09T16:05:08.815Z"}
info: Server started at 3000 {"timestamp":"2023-11-09T16:06:06.109Z"}
info: Connected to the database. {"timestamp":"2023-11-09T16:06:09.135Z"}
info: Server started at 3000 {"timestamp":"2023-12-09T20:52:08.809Z"}
info: Connected to the database. {"timestamp":"2023-12-09T20:52:21.001Z"}
info: Server started at 3000 {"timestamp":"2023-12-09T21:09:24.359Z"}
info: Connected to the database. {"timestamp":"2023-12-09T21:09:28.261Z"}
info: Server started at 3000 {"timestamp":"2023-12-09T21:10:48.993Z"}
info: Connected to the database. {"timestamp":"2023-12-09T21:10:56.976Z"}
info: Server started at 3000 {"timestamp":"2023-12-09T21:13:29.585Z"}
info: Connected to the database. {"timestamp":"2023-12-09T21:13:35.548Z"}
