error: Could not connect to the database. BC290000:error:0A000438:SSL routines:ssl3_read_bytes:tlsv1 alert internal error:c:\ws\deps\openssl\openssl\ssl\record\rec_layer_s3.c:1586:SSL alert number 80
 {"reason":{"commonWireVersion":17,"compatibilityError":null,"compatible":true,"heartbeatFrequencyMS":10000,"localThresholdMS":15,"logicalSessionTimeoutMinutes":30,"maxElectionId":null,"maxSetVersion":null,"servers":{},"setName":"atlas-mcp2hh-shard-0","stale":false,"type":"ReplicaSetNoPrimary"},"stack":"MongooseServerSelectionError: BC290000:error:0A000438:SSL routines:ssl3_read_bytes:tlsv1 alert internal error:c:\\ws\\deps\\openssl\\openssl\\ssl\\record\\rec_layer_s3.c:1586:SSL alert number 80\n\n    at Connection.openUri (C:\\Users\\Administrator\\Documents\\my works\\software development works\\supervibesrecordsfolder\\svr-backend\\node_modules\\mongoose\\lib\\connection.js:847:32)\n    at C:\\Users\\Administrator\\Documents\\my works\\software development works\\supervibesrecordsfolder\\svr-backend\\node_modules\\mongoose\\lib\\index.js:351:10\n    at C:\\Users\\Administrator\\Documents\\my works\\software development works\\supervibesrecordsfolder\\svr-backend\\node_modules\\mongoose\\lib\\helpers\\promiseOrCallback.js:32:5\n    at new Promise (<anonymous>)\n    at promiseOrCallback (C:\\Users\\Administrator\\Documents\\my works\\software development works\\supervibesrecordsfolder\\svr-backend\\node_modules\\mongoose\\lib\\helpers\\promiseOrCallback.js:31:10)\n    at Mongoose._promiseOrCallback (C:\\Users\\Administrator\\Documents\\my works\\software development works\\supervibesrecordsfolder\\svr-backend\\node_modules\\mongoose\\lib\\index.js:1149:10)\n    at Mongoose.connect (C:\\Users\\Administrator\\Documents\\my works\\software development works\\supervibesrecordsfolder\\svr-backend\\node_modules\\mongoose\\lib\\index.js:350:20)\n    at _callee$ (C:\\Users\\Administrator\\Documents\\my works\\software development works\\supervibesrecordsfolder\\svr-backend\\build\\config\\database.js:22:39)\n    at tryCatch (C:\\Users\\Administrator\\Documents\\my works\\software development works\\supervibesrecordsfolder\\svr-backend\\node_modules\\@babel\\runtime\\helpers\\regeneratorRuntime.js:45:16)\n    at Generator.<anonymous> (C:\\Users\\Administrator\\Documents\\my works\\software development works\\supervibesrecordsfolder\\svr-backend\\node_modules\\@babel\\runtime\\helpers\\regeneratorRuntime.js:133:17)\n    at Generator.next (C:\\Users\\Administrator\\Documents\\my works\\software development works\\supervibesrecordsfolder\\svr-backend\\node_modules\\@babel\\runtime\\helpers\\regeneratorRuntime.js:74:21)\n    at asyncGeneratorStep (C:\\Users\\Administrator\\Documents\\my works\\software development works\\supervibesrecordsfolder\\svr-backend\\node_modules\\@babel\\runtime\\helpers\\asyncToGenerator.js:3:24)\n    at _next (C:\\Users\\Administrator\\Documents\\my works\\software development works\\supervibesrecordsfolder\\svr-backend\\node_modules\\@babel\\runtime\\helpers\\asyncToGenerator.js:22:9)\n    at C:\\Users\\Administrator\\Documents\\my works\\software development works\\supervibesrecordsfolder\\svr-backend\\node_modules\\@babel\\runtime\\helpers\\asyncToGenerator.js:27:7\n    at new Promise (<anonymous>)\n    at C:\\Users\\Administrator\\Documents\\my works\\software development works\\supervibesrecordsfolder\\svr-backend\\node_modules\\@babel\\runtime\\helpers\\asyncToGenerator.js:19:12","timestamp":"2023-11-06T21:49:27.481Z"}
error: Could not connect to the database. 14290000:error:0A000438:SSL routines:ssl3_read_bytes:tlsv1 alert internal error:c:\ws\deps\openssl\openssl\ssl\record\rec_layer_s3.c:1586:SSL alert number 80
 {"reason":{"commonWireVersion":17,"compatibilityError":null,"compatible":true,"heartbeatFrequencyMS":10000,"localThresholdMS":15,"logicalSessionTimeoutMinutes":30,"maxElectionId":null,"maxSetVersion":null,"servers":{},"setName":"atlas-mcp2hh-shard-0","stale":false,"type":"ReplicaSetNoPrimary"},"stack":"MongooseServerSelectionError: 14290000:error:0A000438:SSL routines:ssl3_read_bytes:tlsv1 alert internal error:c:\\ws\\deps\\openssl\\openssl\\ssl\\record\\rec_layer_s3.c:1586:SSL alert number 80\n\n    at NativeConnection.Connection.openUri (C:\\Users\\Administrator\\Documents\\my works\\software development works\\supervibesrecordsfolder\\svr-backend\\node_modules\\mongoose\\lib\\connection.js:847:32)\n    at C:\\Users\\Administrator\\Documents\\my works\\software development works\\supervibesrecordsfolder\\svr-backend\\node_modules\\mongoose\\lib\\index.js:351:10\n    at C:\\Users\\Administrator\\Documents\\my works\\software development works\\supervibesrecordsfolder\\svr-backend\\node_modules\\mongoose\\lib\\helpers\\promiseOrCallback.js:32:5\n    at new Promise (<anonymous>)\n    at promiseOrCallback (C:\\Users\\Administrator\\Documents\\my works\\software development works\\supervibesrecordsfolder\\svr-backend\\node_modules\\mongoose\\lib\\helpers\\promiseOrCallback.js:31:10)\n    at Mongoose._promiseOrCallback (C:\\Users\\Administrator\\Documents\\my works\\software development works\\supervibesrecordsfolder\\svr-backend\\node_modules\\mongoose\\lib\\index.js:1149:10)\n    at Mongoose.connect (C:\\Users\\Administrator\\Documents\\my works\\software development works\\supervibesrecordsfolder\\svr-backend\\node_modules\\mongoose\\lib\\index.js:350:20)\n    at _callee$ (C:\\Users\\Administrator\\Documents\\my works\\software development works\\supervibesrecordsfolder\\svr-backend\\src\\config\\/database.js:12:20)\n    at tryCatch (C:\\Users\\Administrator\\Documents\\my works\\software development works\\supervibesrecordsfolder\\svr-backend\\node_modules\\@babel\\runtime\\helpers\\regeneratorRuntime.js:45:16)\n    at Generator.<anonymous> (C:\\Users\\Administrator\\Documents\\my works\\software development works\\supervibesrecordsfolder\\svr-backend\\node_modules\\@babel\\runtime\\helpers\\regeneratorRuntime.js:133:17)\n    at Generator.next (C:\\Users\\Administrator\\Documents\\my works\\software development works\\supervibesrecordsfolder\\svr-backend\\node_modules\\@babel\\runtime\\helpers\\regeneratorRuntime.js:74:21)\n    at asyncGeneratorStep (C:\\Users\\Administrator\\Documents\\my works\\software development works\\supervibesrecordsfolder\\svr-backend\\node_modules\\@babel\\runtime\\helpers\\asyncToGenerator.js:3:24)\n    at _next (C:\\Users\\Administrator\\Documents\\my works\\software development works\\supervibesrecordsfolder\\svr-backend\\node_modules\\@babel\\runtime\\helpers\\asyncToGenerator.js:22:9)\n    at C:\\Users\\Administrator\\Documents\\my works\\software development works\\supervibesrecordsfolder\\svr-backend\\node_modules\\@babel\\runtime\\helpers\\asyncToGenerator.js:27:7\n    at new Promise (<anonymous>)\n    at apply (C:\\Users\\Administrator\\Documents\\my works\\software development works\\supervibesrecordsfolder\\svr-backend\\node_modules\\@babel\\runtime\\helpers\\asyncToGenerator.js:19:12)\n    at database (C:\\Users\\Administrator\\Documents\\my works\\software development works\\supervibesrecordsfolder\\svr-backend\\src\\config\\/database.js:4:15)\n    at Object.<anonymous> (C:\\Users\\Administrator\\Documents\\my works\\software development works\\supervibesrecordsfolder\\svr-backend\\src\\/index.js:31:9)\n    at Module._compile (node:internal/modules/cjs/loader:1256:14)\n    at Module._compile (C:\\Users\\Administrator\\Documents\\my works\\software development works\\supervibesrecordsfolder\\svr-backend\\node_modules\\pirates\\lib\\index.js:117:24)\n    at Module._extensions..js (node:internal/modules/cjs/loader:1310:10)\n    at Object.newLoader [as .js] (C:\\Users\\Administrator\\Documents\\my works\\software development works\\supervibesrecordsfolder\\svr-backend\\node_modules\\pirates\\lib\\index.js:121:7)\n    at Module.load (node:internal/modules/cjs/loader:1119:32)\n    at Function.Module._load (node:internal/modules/cjs/loader:960:12)\n    at Function.runMain (node:internal/modules/run_main:81:12)\n    at Object.<anonymous> (C:\\Users\\Administrator\\Documents\\my works\\software development works\\supervibesrecordsfolder\\svr-backend\\node_modules\\@babel\\node\\src\\_babel-node.ts:222:12)\n    at Module._compile (node:internal/modules/cjs/loader:1256:14)\n    at Object.Module._extensions..js (node:internal/modules/cjs/loader:1310:10)\n    at Module.load (node:internal/modules/cjs/loader:1119:32)\n    at Function.Module._load (node:internal/modules/cjs/loader:960:12)\n    at Function.executeUserEntryPoint [as runMain] (node:internal/modules/run_main:81:12)\n    at node:internal/main/run_main_module:23:47","timestamp":"2023-11-06T21:52:56.672Z"}
error: 
    status - 500 
    message - ValidationError: "name" is required 
    url - /api/v1/audio 
    method - POST 
    IP - ::1
   {"timestamp":"2023-11-06T21:56:16.596Z"}
error: Could not connect to the database. E4130000:error:0A000438:SSL routines:ssl3_read_bytes:tlsv1 alert internal error:c:\ws\deps\openssl\openssl\ssl\record\rec_layer_s3.c:1586:SSL alert number 80
 {"name":"MongoNetworkError","stack":"Error: E4130000:error:0A000438:SSL routines:ssl3_read_bytes:tlsv1 alert internal error:c:\\ws\\deps\\openssl\\openssl\\ssl\\record\\rec_layer_s3.c:1586:SSL alert number 80\n","timestamp":"2023-11-06T21:56:19.998Z"}
error: Could not connect to the database. 18240000:error:0A000438:SSL routines:ssl3_read_bytes:tlsv1 alert internal error:c:\ws\deps\openssl\openssl\ssl\record\rec_layer_s3.c:1586:SSL alert number 80
 {"name":"MongoNetworkError","stack":"Error: 18240000:error:0A000438:SSL routines:ssl3_read_bytes:tlsv1 alert internal error:c:\\ws\\deps\\openssl\\openssl\\ssl\\record\\rec_layer_s3.c:1586:SSL alert number 80\n","timestamp":"2023-11-06T21:57:21.019Z"}
error: 
    status - 500 
    message - ValidationError: "artiste" is required 
    url - /api/v1/audio 
    method - POST 
    IP - ::1
   {"timestamp":"2023-11-06T21:57:28.811Z"}
error: 
    status - 500 
    message - ValidationError: "artiste" is required 
    url - /api/v1/audio 
    method - POST 
    IP - ::1
   {"timestamp":"2023-11-06T21:58:24.114Z"}
error: Could not connect to the database. C02A0000:error:0A000438:SSL routines:ssl3_read_bytes:tlsv1 alert internal error:c:\ws\deps\openssl\openssl\ssl\record\rec_layer_s3.c:1586:SSL alert number 80
 {"reason":{"commonWireVersion":17,"compatibilityError":null,"compatible":true,"heartbeatFrequencyMS":10000,"localThresholdMS":15,"logicalSessionTimeoutMinutes":30,"maxElectionId":null,"maxSetVersion":null,"servers":{},"setName":"atlas-mcp2hh-shard-0","stale":false,"type":"ReplicaSetNoPrimary"},"stack":"MongooseServerSelectionError: C02A0000:error:0A000438:SSL routines:ssl3_read_bytes:tlsv1 alert internal error:c:\\ws\\deps\\openssl\\openssl\\ssl\\record\\rec_layer_s3.c:1586:SSL alert number 80\n\n    at NativeConnection.Connection.openUri (C:\\Users\\Administrator\\Documents\\my works\\software development works\\supervibesrecordsfolder\\svr-backend\\node_modules\\mongoose\\lib\\connection.js:847:32)\n    at C:\\Users\\Administrator\\Documents\\my works\\software development works\\supervibesrecordsfolder\\svr-backend\\node_modules\\mongoose\\lib\\index.js:351:10\n    at C:\\Users\\Administrator\\Documents\\my works\\software development works\\supervibesrecordsfolder\\svr-backend\\node_modules\\mongoose\\lib\\helpers\\promiseOrCallback.js:32:5\n    at new Promise (<anonymous>)\n    at promiseOrCallback (C:\\Users\\Administrator\\Documents\\my works\\software development works\\supervibesrecordsfolder\\svr-backend\\node_modules\\mongoose\\lib\\helpers\\promiseOrCallback.js:31:10)\n    at Mongoose._promiseOrCallback (C:\\Users\\Administrator\\Documents\\my works\\software development works\\supervibesrecordsfolder\\svr-backend\\node_modules\\mongoose\\lib\\index.js:1149:10)\n    at Mongoose.connect (C:\\Users\\Administrator\\Documents\\my works\\software development works\\supervibesrecordsfolder\\svr-backend\\node_modules\\mongoose\\lib\\index.js:350:20)\n    at _callee$ (C:\\Users\\Administrator\\Documents\\my works\\software development works\\supervibesrecordsfolder\\svr-backend\\src\\config\\/database.js:12:20)\n    at tryCatch (C:\\Users\\Administrator\\Documents\\my works\\software development works\\supervibesrecordsfolder\\svr-backend\\node_modules\\@babel\\runtime\\helpers\\regeneratorRuntime.js:45:16)\n    at Generator.<anonymous> (C:\\Users\\Administrator\\Documents\\my works\\software development works\\supervibesrecordsfolder\\svr-backend\\node_modules\\@babel\\runtime\\helpers\\regeneratorRuntime.js:133:17)\n    at Generator.next (C:\\Users\\Administrator\\Documents\\my works\\software development works\\supervibesrecordsfolder\\svr-backend\\node_modules\\@babel\\runtime\\helpers\\regeneratorRuntime.js:74:21)\n    at asyncGeneratorStep (C:\\Users\\Administrator\\Documents\\my works\\software development works\\supervibesrecordsfolder\\svr-backend\\node_modules\\@babel\\runtime\\helpers\\asyncToGenerator.js:3:24)\n    at _next (C:\\Users\\Administrator\\Documents\\my works\\software development works\\supervibesrecordsfolder\\svr-backend\\node_modules\\@babel\\runtime\\helpers\\asyncToGenerator.js:22:9)\n    at C:\\Users\\Administrator\\Documents\\my works\\software development works\\supervibesrecordsfolder\\svr-backend\\node_modules\\@babel\\runtime\\helpers\\asyncToGenerator.js:27:7\n    at new Promise (<anonymous>)\n    at apply (C:\\Users\\Administrator\\Documents\\my works\\software development works\\supervibesrecordsfolder\\svr-backend\\node_modules\\@babel\\runtime\\helpers\\asyncToGenerator.js:19:12)\n    at database (C:\\Users\\Administrator\\Documents\\my works\\software development works\\supervibesrecordsfolder\\svr-backend\\src\\config\\/database.js:4:15)\n    at Object.<anonymous> (C:\\Users\\Administrator\\Documents\\my works\\software development works\\supervibesrecordsfolder\\svr-backend\\src\\/index.js:31:9)\n    at Module._compile (node:internal/modules/cjs/loader:1256:14)\n    at Module._compile (C:\\Users\\Administrator\\Documents\\my works\\software development works\\supervibesrecordsfolder\\svr-backend\\node_modules\\pirates\\lib\\index.js:117:24)\n    at Module._extensions..js (node:internal/modules/cjs/loader:1310:10)\n    at Object.newLoader [as .js] (C:\\Users\\Administrator\\Documents\\my works\\software development works\\supervibesrecordsfolder\\svr-backend\\node_modules\\pirates\\lib\\index.js:121:7)\n    at Module.load (node:internal/modules/cjs/loader:1119:32)\n    at Function.Module._load (node:internal/modules/cjs/loader:960:12)\n    at Function.runMain (node:internal/modules/run_main:81:12)\n    at Object.<anonymous> (C:\\Users\\Administrator\\Documents\\my works\\software development works\\supervibesrecordsfolder\\svr-backend\\node_modules\\@babel\\node\\src\\_babel-node.ts:222:12)\n    at Module._compile (node:internal/modules/cjs/loader:1256:14)\n    at Object.Module._extensions..js (node:internal/modules/cjs/loader:1310:10)\n    at Module.load (node:internal/modules/cjs/loader:1119:32)\n    at Function.Module._load (node:internal/modules/cjs/loader:960:12)\n    at Function.executeUserEntryPoint [as runMain] (node:internal/modules/run_main:81:12)\n    at node:internal/main/run_main_module:23:47","timestamp":"2023-11-06T21:58:48.149Z"}
error: 
    status - 500 
    message - ValidationError: "artiste" is required 
    url - /api/v1/audio 
    method - POST 
    IP - ::1
   {"timestamp":"2023-11-06T21:58:48.841Z"}
error: Could not connect to the database. F02B0000:error:0A000438:SSL routines:ssl3_read_bytes:tlsv1 alert internal error:c:\ws\deps\openssl\openssl\ssl\record\rec_layer_s3.c:1586:SSL alert number 80
 {"name":"MongoNetworkError","stack":"Error: F02B0000:error:0A000438:SSL routines:ssl3_read_bytes:tlsv1 alert internal error:c:\\ws\\deps\\openssl\\openssl\\ssl\\record\\rec_layer_s3.c:1586:SSL alert number 80\n","timestamp":"2023-11-06T21:59:10.373Z"}
error: 
    status - 500 
    message - undefined 
    url - /api/v1/audio 
    method - POST 
    IP - ::1
   {"timestamp":"2023-11-06T21:59:20.502Z"}
error: 
    status - 500 
    message - undefined 
    url - /api/v1/audio 
    method - POST 
    IP - ::1
   {"timestamp":"2023-11-06T22:01:16.501Z"}
error: 
    status - 500 
    message - TypeError: UserService.newUser is not a function
    at _callee3$ (C:\Users\Administrator\Documents\my works\software development works\supervibesrecordsfolder\svr-backend\src\controllers\/audio.controller.js:54:38)
    at tryCatch (C:\Users\Administrator\Documents\my works\software development works\supervibesrecordsfolder\svr-backend\node_modules\@babel\runtime\helpers\regeneratorRuntime.js:45:16)
    at Generator.<anonymous> (C:\Users\Administrator\Documents\my works\software development works\supervibesrecordsfolder\svr-backend\node_modules\@babel\runtime\helpers\regeneratorRuntime.js:133:17)
    at Generator.next (C:\Users\Administrator\Documents\my works\software development works\supervibesrecordsfolder\svr-backend\node_modules\@babel\runtime\helpers\regeneratorRuntime.js:74:21)
    at asyncGeneratorStep (C:\Users\Administrator\Documents\my works\software development works\supervibesrecordsfolder\svr-backend\node_modules\@babel\runtime\helpers\asyncToGenerator.js:3:24)
    at _next (C:\Users\Administrator\Documents\my works\software development works\supervibesrecordsfolder\svr-backend\node_modules\@babel\runtime\helpers\asyncToGenerator.js:22:9)
    at C:\Users\Administrator\Documents\my works\software development works\supervibesrecordsfolder\svr-backend\node_modules\@babel\runtime\helpers\asyncToGenerator.js:27:7
    at new Promise (<anonymous>)
    at apply (C:\Users\Administrator\Documents\my works\software development works\supervibesrecordsfolder\svr-backend\node_modules\@babel\runtime\helpers\asyncToGenerator.js:19:12)
    at newAudio (C:\Users\Administrator\Documents\my works\software development works\supervibesrecordsfolder\svr-backend\src\controllers\/audio.controller.js:48:22)
    at Layer.handle [as handle_request] (C:\Users\Administrator\Documents\my works\software development works\supervibesrecordsfolder\svr-backend\node_modules\express\lib\router\layer.js:95:5)
    at next (C:\Users\Administrator\Documents\my works\software development works\supervibesrecordsfolder\svr-backend\node_modules\express\lib\router\route.js:144:13)
    at done (C:\Users\Administrator\Documents\my works\software development works\supervibesrecordsfolder\svr-backend\node_modules\multer\lib\make-middleware.js:45:7)
    at indicateDone (C:\Users\Administrator\Documents\my works\software development works\supervibesrecordsfolder\svr-backend\node_modules\multer\lib\make-middleware.js:49:68)
    at C:\Users\Administrator\Documents\my works\software development works\supervibesrecordsfolder\svr-backend\node_modules\multer\lib\make-middleware.js:155:11
    at CloudinaryStorage.<anonymous> (C:\Users\Administrator\Documents\my works\software development works\supervibesrecordsfolder\svr-backend\node_modules\multer-storage-cloudinary\lib\index.js:107:25)
    at step (C:\Users\Administrator\Documents\my works\software development works\supervibesrecordsfolder\svr-backend\node_modules\multer-storage-cloudinary\lib\index.js:33:23)
    at Object.next (C:\Users\Administrator\Documents\my works\software development works\supervibesrecordsfolder\svr-backend\node_modules\multer-storage-cloudinary\lib\index.js:14:53)
    at fulfilled (C:\Users\Administrator\Documents\my works\software development works\supervibesrecordsfolder\svr-backend\node_modules\multer-storage-cloudinary\lib\index.js:5:58)
    at processTicksAndRejections (node:internal/process/task_queues:95:5) 
    url - /api/v1/audio 
    method - POST 
    IP - ::1
   {"timestamp":"2023-11-06T22:02:15.706Z"}
error: Could not connect to the database. 30230000:error:0A000438:SSL routines:ssl3_read_bytes:tlsv1 alert internal error:c:\ws\deps\openssl\openssl\ssl\record\rec_layer_s3.c:1586:SSL alert number 80
 {"reason":{"commonWireVersion":17,"compatibilityError":null,"compatible":true,"heartbeatFrequencyMS":10000,"localThresholdMS":15,"logicalSessionTimeoutMinutes":30,"maxElectionId":null,"maxSetVersion":null,"servers":{},"setName":"atlas-mcp2hh-shard-0","stale":false,"type":"ReplicaSetNoPrimary"},"stack":"MongooseServerSelectionError: 30230000:error:0A000438:SSL routines:ssl3_read_bytes:tlsv1 alert internal error:c:\\ws\\deps\\openssl\\openssl\\ssl\\record\\rec_layer_s3.c:1586:SSL alert number 80\n\n    at NativeConnection.Connection.openUri (C:\\Users\\Administrator\\Documents\\my works\\software development works\\supervibesrecordsfolder\\svr-backend\\node_modules\\mongoose\\lib\\connection.js:847:32)\n    at C:\\Users\\Administrator\\Documents\\my works\\software development works\\supervibesrecordsfolder\\svr-backend\\node_modules\\mongoose\\lib\\index.js:351:10\n    at C:\\Users\\Administrator\\Documents\\my works\\software development works\\supervibesrecordsfolder\\svr-backend\\node_modules\\mongoose\\lib\\helpers\\promiseOrCallback.js:32:5\n    at new Promise (<anonymous>)\n    at promiseOrCallback (C:\\Users\\Administrator\\Documents\\my works\\software development works\\supervibesrecordsfolder\\svr-backend\\node_modules\\mongoose\\lib\\helpers\\promiseOrCallback.js:31:10)\n    at Mongoose._promiseOrCallback (C:\\Users\\Administrator\\Documents\\my works\\software development works\\supervibesrecordsfolder\\svr-backend\\node_modules\\mongoose\\lib\\index.js:1149:10)\n    at Mongoose.connect (C:\\Users\\Administrator\\Documents\\my works\\software development works\\supervibesrecordsfolder\\svr-backend\\node_modules\\mongoose\\lib\\index.js:350:20)\n    at _callee$ (C:\\Users\\Administrator\\Documents\\my works\\software development works\\supervibesrecordsfolder\\svr-backend\\src\\config\\/database.js:12:20)\n    at tryCatch (C:\\Users\\Administrator\\Documents\\my works\\software development works\\supervibesrecordsfolder\\svr-backend\\node_modules\\@babel\\runtime\\helpers\\regeneratorRuntime.js:45:16)\n    at Generator.<anonymous> (C:\\Users\\Administrator\\Documents\\my works\\software development works\\supervibesrecordsfolder\\svr-backend\\node_modules\\@babel\\runtime\\helpers\\regeneratorRuntime.js:133:17)\n    at Generator.next (C:\\Users\\Administrator\\Documents\\my works\\software development works\\supervibesrecordsfolder\\svr-backend\\node_modules\\@babel\\runtime\\helpers\\regeneratorRuntime.js:74:21)\n    at asyncGeneratorStep (C:\\Users\\Administrator\\Documents\\my works\\software development works\\supervibesrecordsfolder\\svr-backend\\node_modules\\@babel\\runtime\\helpers\\asyncToGenerator.js:3:24)\n    at _next (C:\\Users\\Administrator\\Documents\\my works\\software development works\\supervibesrecordsfolder\\svr-backend\\node_modules\\@babel\\runtime\\helpers\\asyncToGenerator.js:22:9)\n    at C:\\Users\\Administrator\\Documents\\my works\\software development works\\supervibesrecordsfolder\\svr-backend\\node_modules\\@babel\\runtime\\helpers\\asyncToGenerator.js:27:7\n    at new Promise (<anonymous>)\n    at apply (C:\\Users\\Administrator\\Documents\\my works\\software development works\\supervibesrecordsfolder\\svr-backend\\node_modules\\@babel\\runtime\\helpers\\asyncToGenerator.js:19:12)\n    at database (C:\\Users\\Administrator\\Documents\\my works\\software development works\\supervibesrecordsfolder\\svr-backend\\src\\config\\/database.js:4:15)\n    at Object.<anonymous> (C:\\Users\\Administrator\\Documents\\my works\\software development works\\supervibesrecordsfolder\\svr-backend\\src\\/index.js:31:9)\n    at Module._compile (node:internal/modules/cjs/loader:1256:14)\n    at Module._compile (C:\\Users\\Administrator\\Documents\\my works\\software development works\\supervibesrecordsfolder\\svr-backend\\node_modules\\pirates\\lib\\index.js:117:24)\n    at Module._extensions..js (node:internal/modules/cjs/loader:1310:10)\n    at Object.newLoader [as .js] (C:\\Users\\Administrator\\Documents\\my works\\software development works\\supervibesrecordsfolder\\svr-backend\\node_modules\\pirates\\lib\\index.js:121:7)\n    at Module.load (node:internal/modules/cjs/loader:1119:32)\n    at Function.Module._load (node:internal/modules/cjs/loader:960:12)\n    at Function.runMain (node:internal/modules/run_main:81:12)\n    at Object.<anonymous> (C:\\Users\\Administrator\\Documents\\my works\\software development works\\supervibesrecordsfolder\\svr-backend\\node_modules\\@babel\\node\\src\\_babel-node.ts:222:12)\n    at Module._compile (node:internal/modules/cjs/loader:1256:14)\n    at Object.Module._extensions..js (node:internal/modules/cjs/loader:1310:10)\n    at Module.load (node:internal/modules/cjs/loader:1119:32)\n    at Function.Module._load (node:internal/modules/cjs/loader:960:12)\n    at Function.executeUserEntryPoint [as runMain] (node:internal/modules/run_main:81:12)\n    at node:internal/main/run_main_module:23:47","timestamp":"2023-11-06T22:02:35.342Z"}
error: 
    status - 500 
    message - TypeError: UserService.newUser is not a function
    at _callee3$ (C:\Users\Administrator\Documents\my works\software development works\supervibesrecordsfolder\svr-backend\src\controllers\/audio.controller.js:54:38)
    at tryCatch (C:\Users\Administrator\Documents\my works\software development works\supervibesrecordsfolder\svr-backend\node_modules\@babel\runtime\helpers\regeneratorRuntime.js:45:16)
    at Generator.<anonymous> (C:\Users\Administrator\Documents\my works\software development works\supervibesrecordsfolder\svr-backend\node_modules\@babel\runtime\helpers\regeneratorRuntime.js:133:17)
    at Generator.next (C:\Users\Administrator\Documents\my works\software development works\supervibesrecordsfolder\svr-backend\node_modules\@babel\runtime\helpers\regeneratorRuntime.js:74:21)
    at asyncGeneratorStep (C:\Users\Administrator\Documents\my works\software development works\supervibesrecordsfolder\svr-backend\node_modules\@babel\runtime\helpers\asyncToGenerator.js:3:24)
    at _next (C:\Users\Administrator\Documents\my works\software development works\supervibesrecordsfolder\svr-backend\node_modules\@babel\runtime\helpers\asyncToGenerator.js:22:9)
    at C:\Users\Administrator\Documents\my works\software development works\supervibesrecordsfolder\svr-backend\node_modules\@babel\runtime\helpers\asyncToGenerator.js:27:7
    at new Promise (<anonymous>)
    at apply (C:\Users\Administrator\Documents\my works\software development works\supervibesrecordsfolder\svr-backend\node_modules\@babel\runtime\helpers\asyncToGenerator.js:19:12)
    at newAudio (C:\Users\Administrator\Documents\my works\software development works\supervibesrecordsfolder\svr-backend\src\controllers\/audio.controller.js:48:22)
    at Layer.handle [as handle_request] (C:\Users\Administrator\Documents\my works\software development works\supervibesrecordsfolder\svr-backend\node_modules\express\lib\router\layer.js:95:5)
    at next (C:\Users\Administrator\Documents\my works\software development works\supervibesrecordsfolder\svr-backend\node_modules\express\lib\router\route.js:144:13)
    at done (C:\Users\Administrator\Documents\my works\software development works\supervibesrecordsfolder\svr-backend\node_modules\multer\lib\make-middleware.js:45:7)
    at indicateDone (C:\Users\Administrator\Documents\my works\software development works\supervibesrecordsfolder\svr-backend\node_modules\multer\lib\make-middleware.js:49:68)
    at C:\Users\Administrator\Documents\my works\software development works\supervibesrecordsfolder\svr-backend\node_modules\multer\lib\make-middleware.js:155:11
    at CloudinaryStorage.<anonymous> (C:\Users\Administrator\Documents\my works\software development works\supervibesrecordsfolder\svr-backend\node_modules\multer-storage-cloudinary\lib\index.js:107:25)
    at step (C:\Users\Administrator\Documents\my works\software development works\supervibesrecordsfolder\svr-backend\node_modules\multer-storage-cloudinary\lib\index.js:33:23)
    at Object.next (C:\Users\Administrator\Documents\my works\software development works\supervibesrecordsfolder\svr-backend\node_modules\multer-storage-cloudinary\lib\index.js:14:53)
    at fulfilled (C:\Users\Administrator\Documents\my works\software development works\supervibesrecordsfolder\svr-backend\node_modules\multer-storage-cloudinary\lib\index.js:5:58)
    at processTicksAndRejections (node:internal/process/task_queues:95:5) 
    url - /api/v1/audio 
    method - POST 
    IP - ::1
   {"timestamp":"2023-11-06T22:03:35.962Z"}
error: Could not connect to the database. C80F0000:error:0A000438:SSL routines:ssl3_read_bytes:tlsv1 alert internal error:c:\ws\deps\openssl\openssl\ssl\record\rec_layer_s3.c:1586:SSL alert number 80
 {"name":"MongoNetworkError","stack":"Error: C80F0000:error:0A000438:SSL routines:ssl3_read_bytes:tlsv1 alert internal error:c:\\ws\\deps\\openssl\\openssl\\ssl\\record\\rec_layer_s3.c:1586:SSL alert number 80\n","timestamp":"2023-11-06T22:09:16.084Z"}
error: 
    status - 500 
    message - MongooseError: Operation `audios.insertOne()` buffering timed out after 10000ms
    at Timeout.<anonymous> (C:\Users\Administrator\Documents\my works\software development works\supervibesrecordsfolder\svr-backend\node_modules\mongoose\lib\drivers\node-mongodb-native\collection.js:198:23)
    at listOnTimeout (node:internal/timers:569:17)
    at processTimers (node:internal/timers:512:7) 
    url - /api/v1/audio 
    method - POST 
    IP - ::1
   {"timestamp":"2023-11-06T22:10:02.051Z"}
error: Could not connect to the database. D41F0000:error:0A000438:SSL routines:ssl3_read_bytes:tlsv1 alert internal error:c:\ws\deps\openssl\openssl\ssl\record\rec_layer_s3.c:1586:SSL alert number 80
 {"name":"MongoNetworkError","stack":"Error: D41F0000:error:0A000438:SSL routines:ssl3_read_bytes:tlsv1 alert internal error:c:\\ws\\deps\\openssl\\openssl\\ssl\\record\\rec_layer_s3.c:1586:SSL alert number 80\n","timestamp":"2023-11-06T22:10:47.367Z"}
error: Could not connect to the database. 3C030000:error:0A000438:SSL routines:ssl3_read_bytes:tlsv1 alert internal error:c:\ws\deps\openssl\openssl\ssl\record\rec_layer_s3.c:1586:SSL alert number 80
 {"reason":{"commonWireVersion":17,"compatibilityError":null,"compatible":true,"heartbeatFrequencyMS":10000,"localThresholdMS":15,"logicalSessionTimeoutMinutes":30,"maxElectionId":null,"maxSetVersion":null,"servers":{},"setName":"atlas-mcp2hh-shard-0","stale":false,"type":"ReplicaSetNoPrimary"},"stack":"MongooseServerSelectionError: 3C030000:error:0A000438:SSL routines:ssl3_read_bytes:tlsv1 alert internal error:c:\\ws\\deps\\openssl\\openssl\\ssl\\record\\rec_layer_s3.c:1586:SSL alert number 80\n\n    at NativeConnection.Connection.openUri (C:\\Users\\Administrator\\Documents\\my works\\software development works\\supervibesrecordsfolder\\svr-backend\\node_modules\\mongoose\\lib\\connection.js:847:32)\n    at C:\\Users\\Administrator\\Documents\\my works\\software development works\\supervibesrecordsfolder\\svr-backend\\node_modules\\mongoose\\lib\\index.js:351:10\n    at C:\\Users\\Administrator\\Documents\\my works\\software development works\\supervibesrecordsfolder\\svr-backend\\node_modules\\mongoose\\lib\\helpers\\promiseOrCallback.js:32:5\n    at new Promise (<anonymous>)\n    at promiseOrCallback (C:\\Users\\Administrator\\Documents\\my works\\software development works\\supervibesrecordsfolder\\svr-backend\\node_modules\\mongoose\\lib\\helpers\\promiseOrCallback.js:31:10)\n    at Mongoose._promiseOrCallback (C:\\Users\\Administrator\\Documents\\my works\\software development works\\supervibesrecordsfolder\\svr-backend\\node_modules\\mongoose\\lib\\index.js:1149:10)\n    at Mongoose.connect (C:\\Users\\Administrator\\Documents\\my works\\software development works\\supervibesrecordsfolder\\svr-backend\\node_modules\\mongoose\\lib\\index.js:350:20)\n    at _callee$ (C:\\Users\\Administrator\\Documents\\my works\\software development works\\supervibesrecordsfolder\\svr-backend\\src\\config\\/database.js:12:20)\n    at tryCatch (C:\\Users\\Administrator\\Documents\\my works\\software development works\\supervibesrecordsfolder\\svr-backend\\node_modules\\@babel\\runtime\\helpers\\regeneratorRuntime.js:45:16)\n    at Generator.<anonymous> (C:\\Users\\Administrator\\Documents\\my works\\software development works\\supervibesrecordsfolder\\svr-backend\\node_modules\\@babel\\runtime\\helpers\\regeneratorRuntime.js:133:17)\n    at Generator.next (C:\\Users\\Administrator\\Documents\\my works\\software development works\\supervibesrecordsfolder\\svr-backend\\node_modules\\@babel\\runtime\\helpers\\regeneratorRuntime.js:74:21)\n    at asyncGeneratorStep (C:\\Users\\Administrator\\Documents\\my works\\software development works\\supervibesrecordsfolder\\svr-backend\\node_modules\\@babel\\runtime\\helpers\\asyncToGenerator.js:3:24)\n    at _next (C:\\Users\\Administrator\\Documents\\my works\\software development works\\supervibesrecordsfolder\\svr-backend\\node_modules\\@babel\\runtime\\helpers\\asyncToGenerator.js:22:9)\n    at C:\\Users\\Administrator\\Documents\\my works\\software development works\\supervibesrecordsfolder\\svr-backend\\node_modules\\@babel\\runtime\\helpers\\asyncToGenerator.js:27:7\n    at new Promise (<anonymous>)\n    at apply (C:\\Users\\Administrator\\Documents\\my works\\software development works\\supervibesrecordsfolder\\svr-backend\\node_modules\\@babel\\runtime\\helpers\\asyncToGenerator.js:19:12)\n    at database (C:\\Users\\Administrator\\Documents\\my works\\software development works\\supervibesrecordsfolder\\svr-backend\\src\\config\\/database.js:4:15)\n    at Object.<anonymous> (C:\\Users\\Administrator\\Documents\\my works\\software development works\\supervibesrecordsfolder\\svr-backend\\src\\/index.js:31:9)\n    at Module._compile (node:internal/modules/cjs/loader:1256:14)\n    at Module._compile (C:\\Users\\Administrator\\Documents\\my works\\software development works\\supervibesrecordsfolder\\svr-backend\\node_modules\\pirates\\lib\\index.js:117:24)\n    at Module._extensions..js (node:internal/modules/cjs/loader:1310:10)\n    at Object.newLoader [as .js] (C:\\Users\\Administrator\\Documents\\my works\\software development works\\supervibesrecordsfolder\\svr-backend\\node_modules\\pirates\\lib\\index.js:121:7)\n    at Module.load (node:internal/modules/cjs/loader:1119:32)\n    at Function.Module._load (node:internal/modules/cjs/loader:960:12)\n    at Function.runMain (node:internal/modules/run_main:81:12)\n    at Object.<anonymous> (C:\\Users\\Administrator\\Documents\\my works\\software development works\\supervibesrecordsfolder\\svr-backend\\node_modules\\@babel\\node\\src\\_babel-node.ts:222:12)\n    at Module._compile (node:internal/modules/cjs/loader:1256:14)\n    at Object.Module._extensions..js (node:internal/modules/cjs/loader:1310:10)\n    at Module.load (node:internal/modules/cjs/loader:1119:32)\n    at Function.Module._load (node:internal/modules/cjs/loader:960:12)\n    at Function.executeUserEntryPoint [as runMain] (node:internal/modules/run_main:81:12)\n    at node:internal/main/run_main_module:23:47","timestamp":"2023-11-06T22:13:51.371Z"}
error: Could not connect to the database. 84370000:error:0A000438:SSL routines:ssl3_read_bytes:tlsv1 alert internal error:c:\ws\deps\openssl\openssl\ssl\record\rec_layer_s3.c:1586:SSL alert number 80
 {"name":"MongoNetworkError","stack":"Error: 84370000:error:0A000438:SSL routines:ssl3_read_bytes:tlsv1 alert internal error:c:\\ws\\deps\\openssl\\openssl\\ssl\\record\\rec_layer_s3.c:1586:SSL alert number 80\n","timestamp":"2023-11-06T22:15:28.423Z"}
error: Could not connect to the database. F41D0000:error:0A000438:SSL routines:ssl3_read_bytes:tlsv1 alert internal error:c:\ws\deps\openssl\openssl\ssl\record\rec_layer_s3.c:1586:SSL alert number 80
 {"name":"MongoNetworkError","stack":"Error: F41D0000:error:0A000438:SSL routines:ssl3_read_bytes:tlsv1 alert internal error:c:\\ws\\deps\\openssl\\openssl\\ssl\\record\\rec_layer_s3.c:1586:SSL alert number 80\n","timestamp":"2023-11-06T22:16:12.809Z"}
