info: ::1 - - [06/Nov/2023:21:56:16 +0000] "POST /api/v1/audio HTTP/1.1" 500 55 "-" "PostmanRuntime/7.34.0"

info: ::1 - - [06/Nov/2023:21:57:28 +0000] "POST /api/v1/audio HTTP/1.1" 500 58 "-" "PostmanRuntime/7.34.0"

info: ::1 - - [06/Nov/2023:21:58:24 +0000] "POST /api/v1/audio HTTP/1.1" 500 58 "-" "PostmanRuntime/7.34.0"

info: ::1 - - [06/Nov/2023:21:58:48 +0000] "POST /api/v1/audio HTTP/1.1" 500 58 "-" "PostmanRuntime/7.34.0"

info: ::1 - - [06/Nov/2023:21:59:20 +0000] "POST /api/v1/audio HTTP/1.1" 500 147 "-" "PostmanRuntime/7.34.0"

info: ::1 - - [06/Nov/2023:22:01:16 +0000] "POST /api/v1/audio HTTP/1.1" 500 150 "-" "PostmanRuntime/7.34.0"

info: ::1 - - [06/Nov/2023:22:02:15 +0000] "POST /api/v1/audio HTTP/1.1" 500 72 "-" "PostmanRuntime/7.34.0"

info: ::1 - - [06/Nov/2023:22:03:35 +0000] "POST /api/v1/audio HTTP/1.1" 500 72 "-" "PostmanRuntime/7.34.0"

info: ::1 - - [06/Nov/2023:22:03:57 +0000] "POST /api/v1/audio HTTP/1.1" 201 275 "-" "PostmanRuntime/7.34.0"

info: ::1 - - [06/Nov/2023:22:10:02 +0000] "POST /api/v1/audio HTTP/1.1" 500 99 "-" "PostmanRuntime/7.34.0"

info: ::1 - - [06/Nov/2023:22:16:30 +0000] "POST /api/v1/audio HTTP/1.1" 201 330 "-" "PostmanRuntime/7.34.0"

info: ::1 - - [07/Nov/2023:18:59:21 +0000] "POST /api/v1/audio HTTP/1.1" 500 84 "-" "PostmanRuntime/7.34.0"

info: ::1 - - [07/Nov/2023:19:00:38 +0000] "POST /api/v1/audio HTTP/1.1" 500 84 "-" "PostmanRuntime/7.34.0"

info: ::1 - - [07/Nov/2023:19:02:29 +0000] "POST /api/v1/audio HTTP/1.1" 500 84 "-" "PostmanRuntime/7.34.0"

info: ::1 - - [07/Nov/2023:19:03:11 +0000] "POST /api/v1/audio HTTP/1.1" 200 56 "-" "PostmanRuntime/7.34.0"

info: ::1 - - [07/Nov/2023:19:03:33 +0000] "POST /api/v1/audio HTTP/1.1" 200 2 "-" "PostmanRuntime/7.34.0"

info: ::1 - - [07/Nov/2023:19:04:05 +0000] "POST /api/v1/audio HTTP/1.1" 201 560 "-" "PostmanRuntime/7.34.0"

info: ::1 - - [07/Nov/2023:19:04:56 +0000] "POST /api/v1/audio HTTP/1.1" 201 330 "-" "PostmanRuntime/7.34.0"

info: ::1 - - [07/Nov/2023:19:06:11 +0000] "POST /api/v1/audio HTTP/1.1" 201 333 "-" "PostmanRuntime/7.34.0"

info: ::1 - - [07/Nov/2023:19:10:38 +0000] "POST /api/v1/audio HTTP/1.1" 201 333 "-" "PostmanRuntime/7.34.0"

info: ::1 - - [07/Nov/2023:19:11:09 +0000] "POST /api/v1/audio HTTP/1.1" 201 333 "-" "PostmanRuntime/7.34.0"

info: ::1 - - [07/Nov/2023:19:46:20 +0000] "POST /api/v1/audio HTTP/1.1" 200 47 "-" "PostmanRuntime/7.34.0"

info: ::1 - - [07/Nov/2023:19:46:43 +0000] "POST /api/v1/audio HTTP/1.1" 200 47 "-" "PostmanRuntime/7.34.0"

error: uncaughtException: Converting circular structure to JSON
    --> starting at object with constructor 'Socket'
    |     property 'parser' -> object with constructor 'HTTPParser'
    --- property 'socket' closes the circle
TypeError: Converting circular structure to JSON
    --> starting at object with constructor 'Socket'
    |     property 'parser' -> object with constructor 'HTTPParser'
    --- property 'socket' closes the circle
    at JSON.stringify (<anonymous>)
    at stringify (C:\Users\Administrator\Documents\my works\software development works\supervibesrecordsfolder\svr-backend\node_modules\express\lib\response.js:1150:12)
    at ServerResponse.json (C:\Users\Administrator\Documents\my works\software development works\supervibesrecordsfolder\svr-backend\node_modules\express\lib\response.js:271:14)
    at _callee3$ (C:\Users\Administrator\Documents\my works\software development works\supervibesrecordsfolder\svr-backend\src\controllers\/audio.controller.js:50:7)
    at tryCatch (C:\Users\Administrator\Documents\my works\software development works\supervibesrecordsfolder\svr-backend\node_modules\@babel\runtime\helpers\regeneratorRuntime.js:45:16)
    at Generator.<anonymous> (C:\Users\Administrator\Documents\my works\software development works\supervibesrecordsfolder\svr-backend\node_modules\@babel\runtime\helpers\regeneratorRuntime.js:133:17)
    at Generator.next (C:\Users\Administrator\Documents\my works\software development works\supervibesrecordsfolder\svr-backend\node_modules\@babel\runtime\helpers\regeneratorRuntime.js:74:21)
    at asyncGeneratorStep (C:\Users\Administrator\Documents\my works\software development works\supervibesrecordsfolder\svr-backend\node_modules\@babel\runtime\helpers\asyncToGenerator.js:3:24)
    at _next (C:\Users\Administrator\Documents\my works\software development works\supervibesrecordsfolder\svr-backend\node_modules\@babel\runtime\helpers\asyncToGenerator.js:22:9)
    at C:\Users\Administrator\Documents\my works\software development works\supervibesrecordsfolder\svr-backend\node_modules\@babel\runtime\helpers\asyncToGenerator.js:27:7
    at new Promise (<anonymous>)
    at apply (C:\Users\Administrator\Documents\my works\software development works\supervibesrecordsfolder\svr-backend\node_modules\@babel\runtime\helpers\asyncToGenerator.js:19:12)
    at newAudio (C:\Users\Administrator\Documents\my works\software development works\supervibesrecordsfolder\svr-backend\src\controllers\/audio.controller.js:48:22)
    at Layer.handle [as handle_request] (C:\Users\Administrator\Documents\my works\software development works\supervibesrecordsfolder\svr-backend\node_modules\express\lib\router\layer.js:95:5)
    at next (C:\Users\Administrator\Documents\my works\software development works\supervibesrecordsfolder\svr-backend\node_modules\express\lib\router\route.js:144:13)
    at done (C:\Users\Administrator\Documents\my works\software development works\supervibesrecordsfolder\svr-backend\node_modules\multer\lib\make-middleware.js:45:7)
    at indicateDone (C:\Users\Administrator\Documents\my works\software development works\supervibesrecordsfolder\svr-backend\node_modules\multer\lib\make-middleware.js:49:68)
    at C:\Users\Administrator\Documents\my works\software development works\supervibesrecordsfolder\svr-backend\node_modules\multer\lib\make-middleware.js:155:11
    at CloudinaryStorage.<anonymous> (C:\Users\Administrator\Documents\my works\software development works\supervibesrecordsfolder\svr-backend\node_modules\multer-storage-cloudinary\lib\index.js:107:25)
    at step (C:\Users\Administrator\Documents\my works\software development works\supervibesrecordsfolder\svr-backend\node_modules\multer-storage-cloudinary\lib\index.js:33:23)
    at Object.next (C:\Users\Administrator\Documents\my works\software development works\supervibesrecordsfolder\svr-backend\node_modules\multer-storage-cloudinary\lib\index.js:14:53)
    at fulfilled (C:\Users\Administrator\Documents\my works\software development works\supervibesrecordsfolder\svr-backend\node_modules\multer-storage-cloudinary\lib\index.js:5:58)
    at processTicksAndRejections (node:internal/process/task_queues:95:5) {"date":"Tue Nov 07 2023 20:47:49 GMT+0100 (West Africa Standard Time)","error":{},"exception":true,"os":{"loadavg":[0,0,0],"uptime":6809.671},"process":{"argv":["node","C:\\Users\\Administrator\\Documents\\my works\\software development works\\supervibesrecordsfolder\\svr-backend\\src\\index.js"],"cwd":"C:\\Users\\Administrator\\Documents\\my works\\software development works\\supervibesrecordsfolder\\svr-backend","execPath":"C:\\Program Files\\nodejs\\node.exe","gid":null,"memoryUsage":{"arrayBuffers":19515743,"external":21077923,"heapTotal":94371840,"heapUsed":66387080,"rss":139239424},"pid":10516,"uid":null,"version":"v18.17.1"},"stack":"TypeError: Converting circular structure to JSON\n    --> starting at object with constructor 'Socket'\n    |     property 'parser' -> object with constructor 'HTTPParser'\n    --- property 'socket' closes the circle\n    at JSON.stringify (<anonymous>)\n    at stringify (C:\\Users\\Administrator\\Documents\\my works\\software development works\\supervibesrecordsfolder\\svr-backend\\node_modules\\express\\lib\\response.js:1150:12)\n    at ServerResponse.json (C:\\Users\\Administrator\\Documents\\my works\\software development works\\supervibesrecordsfolder\\svr-backend\\node_modules\\express\\lib\\response.js:271:14)\n    at _callee3$ (C:\\Users\\Administrator\\Documents\\my works\\software development works\\supervibesrecordsfolder\\svr-backend\\src\\controllers\\/audio.controller.js:50:7)\n    at tryCatch (C:\\Users\\Administrator\\Documents\\my works\\software development works\\supervibesrecordsfolder\\svr-backend\\node_modules\\@babel\\runtime\\helpers\\regeneratorRuntime.js:45:16)\n    at Generator.<anonymous> (C:\\Users\\Administrator\\Documents\\my works\\software development works\\supervibesrecordsfolder\\svr-backend\\node_modules\\@babel\\runtime\\helpers\\regeneratorRuntime.js:133:17)\n    at Generator.next (C:\\Users\\Administrator\\Documents\\my works\\software development works\\supervibesrecordsfolder\\svr-backend\\node_modules\\@babel\\runtime\\helpers\\regeneratorRuntime.js:74:21)\n    at asyncGeneratorStep (C:\\Users\\Administrator\\Documents\\my works\\software development works\\supervibesrecordsfolder\\svr-backend\\node_modules\\@babel\\runtime\\helpers\\asyncToGenerator.js:3:24)\n    at _next (C:\\Users\\Administrator\\Documents\\my works\\software development works\\supervibesrecordsfolder\\svr-backend\\node_modules\\@babel\\runtime\\helpers\\asyncToGenerator.js:22:9)\n    at C:\\Users\\Administrator\\Documents\\my works\\software development works\\supervibesrecordsfolder\\svr-backend\\node_modules\\@babel\\runtime\\helpers\\asyncToGenerator.js:27:7\n    at new Promise (<anonymous>)\n    at apply (C:\\Users\\Administrator\\Documents\\my works\\software development works\\supervibesrecordsfolder\\svr-backend\\node_modules\\@babel\\runtime\\helpers\\asyncToGenerator.js:19:12)\n    at newAudio (C:\\Users\\Administrator\\Documents\\my works\\software development works\\supervibesrecordsfolder\\svr-backend\\src\\controllers\\/audio.controller.js:48:22)\n    at Layer.handle [as handle_request] (C:\\Users\\Administrator\\Documents\\my works\\software development works\\supervibesrecordsfolder\\svr-backend\\node_modules\\express\\lib\\router\\layer.js:95:5)\n    at next (C:\\Users\\Administrator\\Documents\\my works\\software development works\\supervibesrecordsfolder\\svr-backend\\node_modules\\express\\lib\\router\\route.js:144:13)\n    at done (C:\\Users\\Administrator\\Documents\\my works\\software development works\\supervibesrecordsfolder\\svr-backend\\node_modules\\multer\\lib\\make-middleware.js:45:7)\n    at indicateDone (C:\\Users\\Administrator\\Documents\\my works\\software development works\\supervibesrecordsfolder\\svr-backend\\node_modules\\multer\\lib\\make-middleware.js:49:68)\n    at C:\\Users\\Administrator\\Documents\\my works\\software development works\\supervibesrecordsfolder\\svr-backend\\node_modules\\multer\\lib\\make-middleware.js:155:11\n    at CloudinaryStorage.<anonymous> (C:\\Users\\Administrator\\Documents\\my works\\software development works\\supervibesrecordsfolder\\svr-backend\\node_modules\\multer-storage-cloudinary\\lib\\index.js:107:25)\n    at step (C:\\Users\\Administrator\\Documents\\my works\\software development works\\supervibesrecordsfolder\\svr-backend\\node_modules\\multer-storage-cloudinary\\lib\\index.js:33:23)\n    at Object.next (C:\\Users\\Administrator\\Documents\\my works\\software development works\\supervibesrecordsfolder\\svr-backend\\node_modules\\multer-storage-cloudinary\\lib\\index.js:14:53)\n    at fulfilled (C:\\Users\\Administrator\\Documents\\my works\\software development works\\supervibesrecordsfolder\\svr-backend\\node_modules\\multer-storage-cloudinary\\lib\\index.js:5:58)\n    at processTicksAndRejections (node:internal/process/task_queues:95:5)","trace":[{"column":null,"file":null,"function":null,"line":null,"method":null,"native":false},{"column":null,"file":null,"function":"JSON.stringify","line":null,"method":"stringify","native":false},{"column":12,"file":"C:\\Users\\Administrator\\Documents\\my works\\software development works\\supervibesrecordsfolder\\svr-backend\\node_modules\\express\\lib\\response.js","function":"stringify","line":1150,"method":null,"native":false},{"column":14,"file":"C:\\Users\\Administrator\\Documents\\my works\\software development works\\supervibesrecordsfolder\\svr-backend\\node_modules\\express\\lib\\response.js","function":"ServerResponse.json","line":271,"method":"json","native":false},{"column":7,"file":"C:\\Users\\Administrator\\Documents\\my works\\software development works\\supervibesrecordsfolder\\svr-backend\\src\\controllers\\/audio.controller.js","function":"_callee3$","line":50,"method":null,"native":false},{"column":16,"file":"C:\\Users\\Administrator\\Documents\\my works\\software development works\\supervibesrecordsfolder\\svr-backend\\node_modules\\@babel\\runtime\\helpers\\regeneratorRuntime.js","function":"tryCatch","line":45,"method":null,"native":false},{"column":17,"file":"C:\\Users\\Administrator\\Documents\\my works\\software development works\\supervibesrecordsfolder\\svr-backend\\node_modules\\@babel\\runtime\\helpers\\regeneratorRuntime.js","function":null,"line":133,"method":null,"native":false},{"column":21,"file":"C:\\Users\\Administrator\\Documents\\my works\\software development works\\supervibesrecordsfolder\\svr-backend\\node_modules\\@babel\\runtime\\helpers\\regeneratorRuntime.js","function":"Generator.next","line":74,"method":"next","native":false},{"column":24,"file":"C:\\Users\\Administrator\\Documents\\my works\\software development works\\supervibesrecordsfolder\\svr-backend\\node_modules\\@babel\\runtime\\helpers\\asyncToGenerator.js","function":"asyncGeneratorStep","line":3,"method":null,"native":false},{"column":9,"file":"C:\\Users\\Administrator\\Documents\\my works\\software development works\\supervibesrecordsfolder\\svr-backend\\node_modules\\@babel\\runtime\\helpers\\asyncToGenerator.js","function":"_next","line":22,"method":null,"native":false},{"column":7,"file":"C:\\Users\\Administrator\\Documents\\my works\\software development works\\supervibesrecordsfolder\\svr-backend\\node_modules\\@babel\\runtime\\helpers\\asyncToGenerator.js","function":null,"line":27,"method":null,"native":false},{"column":null,"file":null,"function":"new Promise","line":null,"method":null,"native":false},{"column":12,"file":"C:\\Users\\Administrator\\Documents\\my works\\software development works\\supervibesrecordsfolder\\svr-backend\\node_modules\\@babel\\runtime\\helpers\\asyncToGenerator.js","function":"apply","line":19,"method":null,"native":false},{"column":22,"file":"C:\\Users\\Administrator\\Documents\\my works\\software development works\\supervibesrecordsfolder\\svr-backend\\src\\controllers\\/audio.controller.js","function":"newAudio","line":48,"method":null,"native":false},{"column":5,"file":"C:\\Users\\Administrator\\Documents\\my works\\software development works\\supervibesrecordsfolder\\svr-backend\\node_modules\\express\\lib\\router\\layer.js","function":"Layer.handle [as handle_request]","line":95,"method":"handle [as handle_request]","native":false},{"column":13,"file":"C:\\Users\\Administrator\\Documents\\my works\\software development works\\supervibesrecordsfolder\\svr-backend\\node_modules\\express\\lib\\router\\route.js","function":"next","line":144,"method":null,"native":false},{"column":7,"file":"C:\\Users\\Administrator\\Documents\\my works\\software development works\\supervibesrecordsfolder\\svr-backend\\node_modules\\multer\\lib\\make-middleware.js","function":"done","line":45,"method":null,"native":false},{"column":68,"file":"C:\\Users\\Administrator\\Documents\\my works\\software development works\\supervibesrecordsfolder\\svr-backend\\node_modules\\multer\\lib\\make-middleware.js","function":"indicateDone","line":49,"method":null,"native":false},{"column":11,"file":"C:\\Users\\Administrator\\Documents\\my works\\software development works\\supervibesrecordsfolder\\svr-backend\\node_modules\\multer\\lib\\make-middleware.js","function":null,"line":155,"method":null,"native":false},{"column":25,"file":"C:\\Users\\Administrator\\Documents\\my works\\software development works\\supervibesrecordsfolder\\svr-backend\\node_modules\\multer-storage-cloudinary\\lib\\index.js","function":null,"line":107,"method":null,"native":false},{"column":23,"file":"C:\\Users\\Administrator\\Documents\\my works\\software development works\\supervibesrecordsfolder\\svr-backend\\node_modules\\multer-storage-cloudinary\\lib\\index.js","function":"step","line":33,"method":null,"native":false},{"column":53,"file":"C:\\Users\\Administrator\\Documents\\my works\\software development works\\supervibesrecordsfolder\\svr-backend\\node_modules\\multer-storage-cloudinary\\lib\\index.js","function":"Object.next","line":14,"method":"next","native":false},{"column":58,"file":"C:\\Users\\Administrator\\Documents\\my works\\software development works\\supervibesrecordsfolder\\svr-backend\\node_modules\\multer-storage-cloudinary\\lib\\index.js","function":"fulfilled","line":5,"method":null,"native":false},{"column":5,"file":"node:internal/process/task_queues","function":"processTicksAndRejections","line":95,"method":null,"native":false}]}
info: ::1 - - [07/Nov/2023:19:48:28 +0000] "POST /api/v1/audio HTTP/1.1" 200 47 "-" "PostmanRuntime/7.34.0"

info: ::1 - - [09/Nov/2023:16:05:16 +0000] "GET /api/v1/audio HTTP/1.1" 200 1231 "-" "PostmanRuntime/7.34.0"

info: ::1 - - [09/Nov/2023:16:06:15 +0000] "GET /api/v1/audio HTTP/1.1" 200 1232 "-" "PostmanRuntime/7.34.0"

info: ::1 - - [09/Nov/2023:16:17:06 +0000] "GET / HTTP/1.1" 404 47 "-" "Mozilla/5.0 (Windows NT 10.0; Win64; x64) AppleWebKit/537.36 (KHTML, like Gecko) Chrome/119.0.0.0 Safari/537.36"

info: ::1 - - [09/Dec/2023:20:56:05 +0000] "POST /api/v1/auth/login HTTP/1.1" 400 90 "http://localhost:5173/" "Mozilla/5.0 (Linux; Android 6.0; Nexus 5 Build/MRA58N) AppleWebKit/537.36 (KHTML, like Gecko) Chrome/119.0.0.0 Mobile Safari/537.36"

info: ::1 - - [09/Dec/2023:21:01:05 +0000] "POST /api/v1/auth/login HTTP/1.1" 400 90 "http://localhost:5173/" "Mozilla/5.0 (Linux; Android 6.0; Nexus 5 Build/MRA58N) AppleWebKit/537.36 (KHTML, like Gecko) Chrome/119.0.0.0 Mobile Safari/537.36"

info: ::1 - - [09/Dec/2023:21:01:20 +0000] "POST /api/v1/auth/login HTTP/1.1" 400 90 "http://localhost:5173/" "Mozilla/5.0 (Linux; Android 6.0; Nexus 5 Build/MRA58N) AppleWebKit/537.36 (KHTML, like Gecko) Chrome/119.0.0.0 Mobile Safari/537.36"

info: ::1 - - [09/Dec/2023:21:02:08 +0000] "POST /api/v1/auth/login HTTP/1.1" 400 90 "http://localhost:5173/" "Mozilla/5.0 (Linux; Android 6.0; Nexus 5 Build/MRA58N) AppleWebKit/537.36 (KHTML, like Gecko) Chrome/119.0.0.0 Mobile Safari/537.36"

info: ::1 - - [09/Dec/2023:21:02:13 +0000] "POST /api/v1/auth/login HTTP/1.1" 400 90 "http://localhost:5173/" "Mozilla/5.0 (Linux; Android 6.0; Nexus 5 Build/MRA58N) AppleWebKit/537.36 (KHTML, like Gecko) Chrome/119.0.0.0 Mobile Safari/537.36"

info: ::1 - - [09/Dec/2023:21:03:17 +0000] "POST /api/v1/auth/login HTTP/1.1" 400 90 "http://localhost:5173/" "Mozilla/5.0 (Linux; Android 6.0; Nexus 5 Build/MRA58N) AppleWebKit/537.36 (KHTML, like Gecko) Chrome/119.0.0.0 Mobile Safari/537.36"

info: ::1 - - [09/Dec/2023:21:03:54 +0000] "POST /api/v1/auth/login HTTP/1.1" 400 90 "http://localhost:5173/" "Mozilla/5.0 (Linux; Android 6.0; Nexus 5 Build/MRA58N) AppleWebKit/537.36 (KHTML, like Gecko) Chrome/119.0.0.0 Mobile Safari/537.36"

info: ::1 - - [09/Dec/2023:21:04:19 +0000] "POST /api/v1/auth/login HTTP/1.1" 400 90 "http://localhost:5173/" "Mozilla/5.0 (Linux; Android 6.0; Nexus 5 Build/MRA58N) AppleWebKit/537.36 (KHTML, like Gecko) Chrome/119.0.0.0 Mobile Safari/537.36"

info: ::1 - - [09/Dec/2023:21:05:17 +0000] "POST /api/v1/auth/login HTTP/1.1" 400 90 "http://localhost:5173/" "Mozilla/5.0 (Windows NT 10.0; Win64; x64) AppleWebKit/537.36 (KHTML, like Gecko) Chrome/119.0.0.0 Safari/537.36"

info: ::1 - - [09/Dec/2023:21:06:33 +0000] "POST /api/v1/signup HTTP/1.1" 404 47 "-" "PostmanRuntime/7.35.0"

info: ::1 - - [09/Dec/2023:21:06:43 +0000] "POST /api/v1/auth/signup HTTP/1.1" 201 187 "-" "PostmanRuntime/7.35.0"

info: ::1 - - [09/Dec/2023:21:07:19 +0000] "POST /api/v1/auth/login HTTP/1.1" 200 311 "http://localhost:5173/" "Mozilla/5.0 (Linux; Android 6.0; Nexus 5 Build/MRA58N) AppleWebKit/537.36 (KHTML, like Gecko) Chrome/119.0.0.0 Mobile Safari/537.36"

info: ::1 - - [09/Dec/2023:21:09:40 +0000] "POST /api/v1/auth/login HTTP/1.1" 200 311 "http://localhost:5173/" "Mozilla/5.0 (Linux; Android 6.0; Nexus 5 Build/MRA58N) AppleWebKit/537.36 (KHTML, like Gecko) Chrome/119.0.0.0 Mobile Safari/537.36"

info: ::1 - - [09/Dec/2023:21:11:29 +0000] "POST /api/v1/auth/login HTTP/1.1" - - "http://localhost:5173/" "Mozilla/5.0 (Linux; Android 6.0; Nexus 5 Build/MRA58N) AppleWebKit/537.36 (KHTML, like Gecko) Chrome/119.0.0.0 Mobile Safari/537.36"

info: ::1 - - [09/Dec/2023:21:15:00 +0000] "POST /api/v1/auth/login HTTP/1.1" 400 68 "http://localhost:5173/" "Mozilla/5.0 (Linux; Android 6.0; Nexus 5 Build/MRA58N) AppleWebKit/537.36 (KHTML, like Gecko) Chrome/119.0.0.0 Mobile Safari/537.36"

info: ::1 - - [09/Dec/2023:21:17:22 +0000] "POST /api/v1/auth/login HTTP/1.1" 400 68 "http://localhost:5173/" "Mozilla/5.0 (Linux; Android 6.0; Nexus 5 Build/MRA58N) AppleWebKit/537.36 (KHTML, like Gecko) Chrome/119.0.0.0 Mobile Safari/537.36"

info: ::1 - - [09/Dec/2023:21:17:47 +0000] "POST /api/v1/auth/login HTTP/1.1" 200 311 "http://localhost:5173/" "Mozilla/5.0 (Linux; Android 6.0; Nexus 5 Build/MRA58N) AppleWebKit/537.36 (KHTML, like Gecko) Chrome/119.0.0.0 Mobile Safari/537.36"

info: ::1 - - [09/Dec/2023:21:20:25 +0000] "POST /api/v1/auth/login HTTP/1.1" 200 311 "http://localhost:5173/" "Mozilla/5.0 (Linux; Android 6.0; Nexus 5 Build/MRA58N) AppleWebKit/537.36 (KHTML, like Gecko) Chrome/119.0.0.0 Mobile Safari/537.36"

info: ::1 - - [09/Dec/2023:21:21:54 +0000] "POST /api/v1/auth/login HTTP/1.1" 200 311 "http://localhost:5173/" "Mozilla/5.0 (Linux; Android 6.0; Nexus 5 Build/MRA58N) AppleWebKit/537.36 (KHTML, like Gecko) Chrome/119.0.0.0 Mobile Safari/537.36"

